<?xml version="1.0" encoding="UTF-8"?>
<testsuites name="Run_All_Test_Cases" time="828.818" tests="64" failures="0" errors="0">
   <testsuite name="Run_All_Test_Cases" tests="64" failures="0" errors="0" time="828.818" timestamp="2020-06-05 20:57:11" hostname="black - 192.168.56.1" id="Test Suites/Run_All_Test_Cases">
      <properties>
[...]
</properties>
      <testcase name="Test Cases/Signup/TC_signup_01" time="12.201" classname="Test Cases/Signup/TC_signup_01" status="PASSED">
         <system-out><![CDATA[2020-06-05 20:57:12 - [TEST_CASE][PASSED] - Test Cases/Signup/TC_signup_01: Test Cases/Signup/TC_signup_01

2020-06-05 20:57:12 - [TEST_STEP][PASSED] - Start setup action : Setup: Method 'Setup' complete successfully

2020-06-05 20:57:12 - [TEST_STEP][PASSED] - openBrowser("http://192.168.1.10:8065/signup_email"): Browser is opened with url: 'http://192.168.1.10:8065/signup_email'

2020-06-05 20:57:13 - [MESSAGE][INFO] - Starting 'Firefox' driver

2020-06-05 20:57:13 - [MESSAGE][INFO] - Action delay is set to 0 milliseconds

2020-06-05 20:57:19 - [MESSAGE][PASSED] - Browser is opened with url: 'http://192.168.1.10:8065/signup_email'

2020-06-05 20:57:19 - [MESSAGE][PASSED] - Method 'Setup' complete successfully

2020-06-05 20:57:19 - [TEST_STEP][PASSED] - callTestCase(findTestCase("Test Cases/Signup/signup_function"), ["var_email":var_email, "var_name":var_name, "var_password":var_password], STOP_ON_FAILURE): Call Test Case 'Test Cases/Signup/signup_function' successfully

2020-06-05 20:57:19 - [TEST_CASE][PASSED] - Test Cases/Signup/signup_function: Test Cases/Signup/signup_function

2020-06-05 20:57:20 - [TEST_STEP][PASSED] - setText(findTestObject("Object Repository/Page_Mattermost_Signup/input_email"), var_email): Text '' is set on object 'Object Repository/Page_Mattermost_Signup/input_email'

2020-06-05 20:57:21 - [MESSAGE][PASSED] - Text '' is set on object 'Object Repository/Page_Mattermost_Signup/input_email'

2020-06-05 20:57:21 - [TEST_STEP][PASSED] - setText(findTestObject("Object Repository/Page_Mattermost_Signup/input_name"), var_name): Text 'cuong' is set on object 'Object Repository/Page_Mattermost_Signup/input_name'

2020-06-05 20:57:21 - [MESSAGE][PASSED] - Text 'cuong' is set on object 'Object Repository/Page_Mattermost_Signup/input_name'

2020-06-05 20:57:21 - [TEST_STEP][PASSED] - setText(findTestObject("Object Repository/Page_Mattermost_Signup/input_password"), var_password): Text 'cuong123' is set on object 'Object Repository/Page_Mattermost_Signup/input_password'

2020-06-05 20:57:22 - [MESSAGE][PASSED] - Text 'cuong123' is set on object 'Object Repository/Page_Mattermost_Signup/input_password'

2020-06-05 20:57:22 - [TEST_STEP][PASSED] - click(findTestObject("Object Repository/Page_Mattermost_Signup/span_Create Account")): Object: 'Object Repository/Page_Mattermost_Signup/span_Create Account' is clicked on

2020-06-05 20:57:23 - [MESSAGE][PASSED] - Object: 'Object Repository/Page_Mattermost_Signup/span_Create Account' is clicked on

2020-06-05 20:57:23 - [MESSAGE][PASSED] - Call Test Case 'Test Cases/Signup/signup_function' successfully

2020-06-05 20:57:23 - [TEST_STEP][PASSED] - switch (var_statusExpectedResult.toString()): null

2020-06-05 20:57:23 - [TEST_STEP][PASSED] - case "email is empty":: null

2020-06-05 20:57:23 - [TEST_STEP][PASSED] - errorMess = getText(findTestObject("Object Repository/Page_Mattermost_Signup/label_status_email")): Text of object 'Object Repository/Page_Mattermost_Signup/label_status_email' is: 'This field is required'

2020-06-05 20:57:23 - [MESSAGE][PASSED] - Text of object 'Object Repository/Page_Mattermost_Signup/label_status_email' is: 'This field is required'

2020-06-05 20:57:23 - [TEST_STEP][PASSED] - verifyEqual(errorMess.contains("This field is required"), true): Actual object 'true' and expected object 'true' are equal

2020-06-05 20:57:23 - [MESSAGE][PASSED] - Actual object 'true' and expected object 'true' are equal

2020-06-05 20:57:23 - [TEST_STEP][PASSED] - break: null

2020-06-05 20:57:23 - [TEST_STEP][PASSED] - Start tear down : Teardown: Method 'Teardown' complete successfully

2020-06-05 20:57:23 - [TEST_STEP][PASSED] - closeBrowser(): Browser is closed

2020-06-05 20:57:24 - [MESSAGE][PASSED] - Browser is closed

2020-06-05 20:57:24 - [MESSAGE][PASSED] - Method 'Teardown' complete successfully]]></system-out>
         <system-err><![CDATA[]]></system-err>
      </testcase>
      <testcase name="Test Cases/Signup/TC_signup_01" time="9.146" classname="Test Cases/Signup/TC_signup_01" status="PASSED">
         <system-out><![CDATA[2020-06-05 20:57:24 - [TEST_CASE][PASSED] - Test Cases/Signup/TC_signup_01: Test Cases/Signup/TC_signup_01

2020-06-05 20:57:24 - [TEST_STEP][PASSED] - Start setup action : Setup: Method 'Setup' complete successfully

2020-06-05 20:57:24 - [TEST_STEP][PASSED] - openBrowser("http://192.168.1.10:8065/signup_email"): Browser is opened with url: 'http://192.168.1.10:8065/signup_email'

2020-06-05 20:57:24 - [MESSAGE][INFO] - Starting 'Firefox' driver

2020-06-05 20:57:24 - [MESSAGE][INFO] - Action delay is set to 0 milliseconds

2020-06-05 20:57:29 - [MESSAGE][PASSED] - Browser is opened with url: 'http://192.168.1.10:8065/signup_email'

2020-06-05 20:57:29 - [MESSAGE][PASSED] - Method 'Setup' complete successfully

2020-06-05 20:57:29 - [TEST_STEP][PASSED] - callTestCase(findTestCase("Test Cases/Signup/signup_function"), ["var_email":var_email, "var_name":var_name, "var_password":var_password], STOP_ON_FAILURE): Call Test Case 'Test Cases/Signup/signup_function' successfully

2020-06-05 20:57:29 - [TEST_CASE][PASSED] - Test Cases/Signup/signup_function: Test Cases/Signup/signup_function

2020-06-05 20:57:29 - [TEST_STEP][PASSED] - setText(findTestObject("Object Repository/Page_Mattermost_Signup/input_email"), var_email): Text '' is set on object 'Object Repository/Page_Mattermost_Signup/input_email'

2020-06-05 20:57:30 - [MESSAGE][PASSED] - Text '' is set on object 'Object Repository/Page_Mattermost_Signup/input_email'

2020-06-05 20:57:30 - [TEST_STEP][PASSED] - setText(findTestObject("Object Repository/Page_Mattermost_Signup/input_name"), var_name): Text 'danh' is set on object 'Object Repository/Page_Mattermost_Signup/input_name'

2020-06-05 20:57:31 - [MESSAGE][PASSED] - Text 'danh' is set on object 'Object Repository/Page_Mattermost_Signup/input_name'

2020-06-05 20:57:31 - [TEST_STEP][PASSED] - setText(findTestObject("Object Repository/Page_Mattermost_Signup/input_password"), var_password): Text 'danh123' is set on object 'Object Repository/Page_Mattermost_Signup/input_password'

2020-06-05 20:57:31 - [MESSAGE][PASSED] - Text 'danh123' is set on object 'Object Repository/Page_Mattermost_Signup/input_password'

2020-06-05 20:57:31 - [TEST_STEP][PASSED] - click(findTestObject("Object Repository/Page_Mattermost_Signup/span_Create Account")): Object: 'Object Repository/Page_Mattermost_Signup/span_Create Account' is clicked on

2020-06-05 20:57:32 - [MESSAGE][PASSED] - Object: 'Object Repository/Page_Mattermost_Signup/span_Create Account' is clicked on

2020-06-05 20:57:32 - [MESSAGE][PASSED] - Call Test Case 'Test Cases/Signup/signup_function' successfully

2020-06-05 20:57:32 - [TEST_STEP][PASSED] - switch (var_statusExpectedResult.toString()): null

2020-06-05 20:57:32 - [TEST_STEP][PASSED] - case "email is empty":: null

2020-06-05 20:57:32 - [TEST_STEP][PASSED] - errorMess = getText(findTestObject("Object Repository/Page_Mattermost_Signup/label_status_email")): Text of object 'Object Repository/Page_Mattermost_Signup/label_status_email' is: 'This field is required'

2020-06-05 20:57:32 - [MESSAGE][PASSED] - Text of object 'Object Repository/Page_Mattermost_Signup/label_status_email' is: 'This field is required'

2020-06-05 20:57:32 - [TEST_STEP][PASSED] - verifyEqual(errorMess.contains("This field is required"), true): Actual object 'true' and expected object 'true' are equal

2020-06-05 20:57:32 - [MESSAGE][PASSED] - Actual object 'true' and expected object 'true' are equal

2020-06-05 20:57:32 - [TEST_STEP][PASSED] - break: null

2020-06-05 20:57:32 - [TEST_STEP][PASSED] - Start tear down : Teardown: Method 'Teardown' complete successfully

2020-06-05 20:57:32 - [TEST_STEP][PASSED] - closeBrowser(): Browser is closed

2020-06-05 20:57:33 - [MESSAGE][PASSED] - Browser is closed

2020-06-05 20:57:33 - [MESSAGE][PASSED] - Method 'Teardown' complete successfully]]></system-out>
         <system-err><![CDATA[]]></system-err>
      </testcase>
      <testcase name="Test Cases/Signup/TC_signup_01" time="9.435" classname="Test Cases/Signup/TC_signup_01" status="PASSED">
         <system-out><![CDATA[2020-06-05 20:57:33 - [TEST_CASE][PASSED] - Test Cases/Signup/TC_signup_01: Test Cases/Signup/TC_signup_01

2020-06-05 20:57:33 - [TEST_STEP][PASSED] - Start setup action : Setup: Method 'Setup' complete successfully

2020-06-05 20:57:33 - [TEST_STEP][PASSED] - openBrowser("http://192.168.1.10:8065/signup_email"): Browser is opened with url: 'http://192.168.1.10:8065/signup_email'

2020-06-05 20:57:33 - [MESSAGE][INFO] - Starting 'Firefox' driver

2020-06-05 20:57:33 - [MESSAGE][INFO] - Action delay is set to 0 milliseconds

2020-06-05 20:57:38 - [MESSAGE][PASSED] - Browser is opened with url: 'http://192.168.1.10:8065/signup_email'

2020-06-05 20:57:38 - [MESSAGE][PASSED] - Method 'Setup' complete successfully

2020-06-05 20:57:38 - [TEST_STEP][PASSED] - callTestCase(findTestCase("Test Cases/Signup/signup_function"), ["var_email":var_email, "var_name":var_name, "var_password":var_password], STOP_ON_FAILURE): Call Test Case 'Test Cases/Signup/signup_function' successfully

2020-06-05 20:57:38 - [TEST_CASE][PASSED] - Test Cases/Signup/signup_function: Test Cases/Signup/signup_function

2020-06-05 20:57:38 - [TEST_STEP][PASSED] - setText(findTestObject("Object Repository/Page_Mattermost_Signup/input_email"), var_email): Text 'hien' is set on object 'Object Repository/Page_Mattermost_Signup/input_email'

2020-06-05 20:57:40 - [MESSAGE][PASSED] - Text 'hien' is set on object 'Object Repository/Page_Mattermost_Signup/input_email'

2020-06-05 20:57:40 - [TEST_STEP][PASSED] - setText(findTestObject("Object Repository/Page_Mattermost_Signup/input_name"), var_name): Text 'hien' is set on object 'Object Repository/Page_Mattermost_Signup/input_name'

2020-06-05 20:57:40 - [MESSAGE][PASSED] - Text 'hien' is set on object 'Object Repository/Page_Mattermost_Signup/input_name'

2020-06-05 20:57:40 - [TEST_STEP][PASSED] - setText(findTestObject("Object Repository/Page_Mattermost_Signup/input_password"), var_password): Text 'hien123' is set on object 'Object Repository/Page_Mattermost_Signup/input_password'

2020-06-05 20:57:41 - [MESSAGE][PASSED] - Text 'hien123' is set on object 'Object Repository/Page_Mattermost_Signup/input_password'

2020-06-05 20:57:41 - [TEST_STEP][PASSED] - click(findTestObject("Object Repository/Page_Mattermost_Signup/span_Create Account")): Object: 'Object Repository/Page_Mattermost_Signup/span_Create Account' is clicked on

2020-06-05 20:57:41 - [MESSAGE][PASSED] - Object: 'Object Repository/Page_Mattermost_Signup/span_Create Account' is clicked on

2020-06-05 20:57:41 - [MESSAGE][PASSED] - Call Test Case 'Test Cases/Signup/signup_function' successfully

2020-06-05 20:57:41 - [TEST_STEP][PASSED] - switch (var_statusExpectedResult.toString()): null

2020-06-05 20:57:41 - [TEST_STEP][PASSED] - case "email is not correct":: null

2020-06-05 20:57:41 - [TEST_STEP][PASSED] - errorMess = getText(findTestObject("Object Repository/Page_Mattermost_Signup/label_status_email")): Text of object 'Object Repository/Page_Mattermost_Signup/label_status_email' is: 'Please enter a valid email address'

2020-06-05 20:57:42 - [MESSAGE][PASSED] - Text of object 'Object Repository/Page_Mattermost_Signup/label_status_email' is: 'Please enter a valid email address'

2020-06-05 20:57:42 - [TEST_STEP][PASSED] - verifyEqual(errorMess.contains("Please enter a valid email address"), true): Actual object 'true' and expected object 'true' are equal

2020-06-05 20:57:42 - [MESSAGE][PASSED] - Actual object 'true' and expected object 'true' are equal

2020-06-05 20:57:42 - [TEST_STEP][PASSED] - break: null

2020-06-05 20:57:42 - [TEST_STEP][PASSED] - Start tear down : Teardown: Method 'Teardown' complete successfully

2020-06-05 20:57:42 - [TEST_STEP][PASSED] - closeBrowser(): Browser is closed

2020-06-05 20:57:43 - [MESSAGE][PASSED] - Browser is closed

2020-06-05 20:57:43 - [MESSAGE][PASSED] - Method 'Teardown' complete successfully]]></system-out>
         <system-err><![CDATA[]]></system-err>
      </testcase>
      <testcase name="Test Cases/Signup/TC_signup_01" time="9.262" classname="Test Cases/Signup/TC_signup_01" status="PASSED">
         <system-out><![CDATA[2020-06-05 20:57:43 - [TEST_CASE][PASSED] - Test Cases/Signup/TC_signup_01: Test Cases/Signup/TC_signup_01

2020-06-05 20:57:43 - [TEST_STEP][PASSED] - Start setup action : Setup: Method 'Setup' complete successfully

2020-06-05 20:57:43 - [TEST_STEP][PASSED] - openBrowser("http://192.168.1.10:8065/signup_email"): Browser is opened with url: 'http://192.168.1.10:8065/signup_email'

2020-06-05 20:57:43 - [MESSAGE][INFO] - Starting 'Firefox' driver

2020-06-05 20:57:43 - [MESSAGE][INFO] - Action delay is set to 0 milliseconds

2020-06-05 20:57:47 - [MESSAGE][PASSED] - Browser is opened with url: 'http://192.168.1.10:8065/signup_email'

2020-06-05 20:57:47 - [MESSAGE][PASSED] - Method 'Setup' complete successfully

2020-06-05 20:57:47 - [TEST_STEP][PASSED] - callTestCase(findTestCase("Test Cases/Signup/signup_function"), ["var_email":var_email, "var_name":var_name, "var_password":var_password], STOP_ON_FAILURE): Call Test Case 'Test Cases/Signup/signup_function' successfully

2020-06-05 20:57:47 - [TEST_CASE][PASSED] - Test Cases/Signup/signup_function: Test Cases/Signup/signup_function

2020-06-05 20:57:47 - [TEST_STEP][PASSED] - setText(findTestObject("Object Repository/Page_Mattermost_Signup/input_email"), var_email): Text 'bao@' is set on object 'Object Repository/Page_Mattermost_Signup/input_email'

2020-06-05 20:57:49 - [MESSAGE][PASSED] - Text 'bao@' is set on object 'Object Repository/Page_Mattermost_Signup/input_email'

2020-06-05 20:57:49 - [TEST_STEP][PASSED] - setText(findTestObject("Object Repository/Page_Mattermost_Signup/input_name"), var_name): Text 'bao' is set on object 'Object Repository/Page_Mattermost_Signup/input_name'

2020-06-05 20:57:49 - [MESSAGE][PASSED] - Text 'bao' is set on object 'Object Repository/Page_Mattermost_Signup/input_name'

2020-06-05 20:57:49 - [TEST_STEP][PASSED] - setText(findTestObject("Object Repository/Page_Mattermost_Signup/input_password"), var_password): Text 'bao123' is set on object 'Object Repository/Page_Mattermost_Signup/input_password'

2020-06-05 20:57:50 - [MESSAGE][PASSED] - Text 'bao123' is set on object 'Object Repository/Page_Mattermost_Signup/input_password'

2020-06-05 20:57:50 - [TEST_STEP][PASSED] - click(findTestObject("Object Repository/Page_Mattermost_Signup/span_Create Account")): Object: 'Object Repository/Page_Mattermost_Signup/span_Create Account' is clicked on

2020-06-05 20:57:51 - [MESSAGE][PASSED] - Object: 'Object Repository/Page_Mattermost_Signup/span_Create Account' is clicked on

2020-06-05 20:57:51 - [MESSAGE][PASSED] - Call Test Case 'Test Cases/Signup/signup_function' successfully

2020-06-05 20:57:51 - [TEST_STEP][PASSED] - switch (var_statusExpectedResult.toString()): null

2020-06-05 20:57:51 - [TEST_STEP][PASSED] - case "email is not correct":: null

2020-06-05 20:57:51 - [TEST_STEP][PASSED] - errorMess = getText(findTestObject("Object Repository/Page_Mattermost_Signup/label_status_email")): Text of object 'Object Repository/Page_Mattermost_Signup/label_status_email' is: 'Please enter a valid email address'

2020-06-05 20:57:51 - [MESSAGE][PASSED] - Text of object 'Object Repository/Page_Mattermost_Signup/label_status_email' is: 'Please enter a valid email address'

2020-06-05 20:57:51 - [TEST_STEP][PASSED] - verifyEqual(errorMess.contains("Please enter a valid email address"), true): Actual object 'true' and expected object 'true' are equal

2020-06-05 20:57:51 - [MESSAGE][PASSED] - Actual object 'true' and expected object 'true' are equal

2020-06-05 20:57:51 - [TEST_STEP][PASSED] - break: null

2020-06-05 20:57:51 - [TEST_STEP][PASSED] - Start tear down : Teardown: Method 'Teardown' complete successfully

2020-06-05 20:57:51 - [TEST_STEP][PASSED] - closeBrowser(): Browser is closed

2020-06-05 20:57:52 - [MESSAGE][PASSED] - Browser is closed

2020-06-05 20:57:52 - [MESSAGE][PASSED] - Method 'Teardown' complete successfully]]></system-out>
         <system-err><![CDATA[]]></system-err>
      </testcase>
      <testcase name="Test Cases/Signup/TC_signup_01" time="9.066" classname="Test Cases/Signup/TC_signup_01" status="PASSED">
         <system-out><![CDATA[2020-06-05 20:57:52 - [TEST_CASE][PASSED] - Test Cases/Signup/TC_signup_01: Test Cases/Signup/TC_signup_01

2020-06-05 20:57:52 - [TEST_STEP][PASSED] - Start setup action : Setup: Method 'Setup' complete successfully

2020-06-05 20:57:52 - [TEST_STEP][PASSED] - openBrowser("http://192.168.1.10:8065/signup_email"): Browser is opened with url: 'http://192.168.1.10:8065/signup_email'

2020-06-05 20:57:52 - [MESSAGE][INFO] - Starting 'Firefox' driver

2020-06-05 20:57:52 - [MESSAGE][INFO] - Action delay is set to 0 milliseconds

2020-06-05 20:57:57 - [MESSAGE][PASSED] - Browser is opened with url: 'http://192.168.1.10:8065/signup_email'

2020-06-05 20:57:57 - [MESSAGE][PASSED] - Method 'Setup' complete successfully

2020-06-05 20:57:57 - [TEST_STEP][PASSED] - callTestCase(findTestCase("Test Cases/Signup/signup_function"), ["var_email":var_email, "var_name":var_name, "var_password":var_password], STOP_ON_FAILURE): Call Test Case 'Test Cases/Signup/signup_function' successfully

2020-06-05 20:57:57 - [TEST_CASE][PASSED] - Test Cases/Signup/signup_function: Test Cases/Signup/signup_function

2020-06-05 20:57:57 - [TEST_STEP][PASSED] - setText(findTestObject("Object Repository/Page_Mattermost_Signup/input_email"), var_email): Text 'email' is set on object 'Object Repository/Page_Mattermost_Signup/input_email'

2020-06-05 20:57:58 - [MESSAGE][PASSED] - Text 'email' is set on object 'Object Repository/Page_Mattermost_Signup/input_email'

2020-06-05 20:57:58 - [TEST_STEP][PASSED] - setText(findTestObject("Object Repository/Page_Mattermost_Signup/input_name"), var_name): Text 'name' is set on object 'Object Repository/Page_Mattermost_Signup/input_name'

2020-06-05 20:57:59 - [MESSAGE][PASSED] - Text 'name' is set on object 'Object Repository/Page_Mattermost_Signup/input_name'

2020-06-05 20:57:59 - [TEST_STEP][PASSED] - setText(findTestObject("Object Repository/Page_Mattermost_Signup/input_password"), var_password): Text 'password' is set on object 'Object Repository/Page_Mattermost_Signup/input_password'

2020-06-05 20:57:59 - [MESSAGE][PASSED] - Text 'password' is set on object 'Object Repository/Page_Mattermost_Signup/input_password'

2020-06-05 20:57:59 - [TEST_STEP][PASSED] - click(findTestObject("Object Repository/Page_Mattermost_Signup/span_Create Account")): Object: 'Object Repository/Page_Mattermost_Signup/span_Create Account' is clicked on

2020-06-05 20:58:00 - [MESSAGE][PASSED] - Object: 'Object Repository/Page_Mattermost_Signup/span_Create Account' is clicked on

2020-06-05 20:58:00 - [MESSAGE][PASSED] - Call Test Case 'Test Cases/Signup/signup_function' successfully

2020-06-05 20:58:00 - [TEST_STEP][PASSED] - switch (var_statusExpectedResult.toString()): null

2020-06-05 20:58:00 - [TEST_STEP][PASSED] - case "email is not correct":: null

2020-06-05 20:58:00 - [TEST_STEP][PASSED] - errorMess = getText(findTestObject("Object Repository/Page_Mattermost_Signup/label_status_email")): Text of object 'Object Repository/Page_Mattermost_Signup/label_status_email' is: 'Please enter a valid email address'

2020-06-05 20:58:00 - [MESSAGE][PASSED] - Text of object 'Object Repository/Page_Mattermost_Signup/label_status_email' is: 'Please enter a valid email address'

2020-06-05 20:58:00 - [TEST_STEP][PASSED] - verifyEqual(errorMess.contains("Please enter a valid email address"), true): Actual object 'true' and expected object 'true' are equal

2020-06-05 20:58:00 - [MESSAGE][PASSED] - Actual object 'true' and expected object 'true' are equal

2020-06-05 20:58:00 - [TEST_STEP][PASSED] - break: null

2020-06-05 20:58:00 - [TEST_STEP][PASSED] - Start tear down : Teardown: Method 'Teardown' complete successfully

2020-06-05 20:58:00 - [TEST_STEP][PASSED] - closeBrowser(): Browser is closed

2020-06-05 20:58:01 - [MESSAGE][PASSED] - Browser is closed

2020-06-05 20:58:01 - [MESSAGE][PASSED] - Method 'Teardown' complete successfully]]></system-out>
         <system-err><![CDATA[]]></system-err>
      </testcase>
      <testcase name="Test Cases/Signup/TC_signup_02" time="9.186" classname="Test Cases/Signup/TC_signup_02" status="PASSED">
         <system-out><![CDATA[2020-06-05 20:58:01 - [TEST_CASE][PASSED] - Test Cases/Signup/TC_signup_02: Test Cases/Signup/TC_signup_02

2020-06-05 20:58:01 - [TEST_STEP][PASSED] - Start setup action : Setup: Method 'Setup' complete successfully

2020-06-05 20:58:01 - [TEST_STEP][PASSED] - openBrowser("http://192.168.1.10:8065/signup_email"): Browser is opened with url: 'http://192.168.1.10:8065/signup_email'

2020-06-05 20:58:01 - [MESSAGE][INFO] - Starting 'Firefox' driver

2020-06-05 20:58:01 - [MESSAGE][INFO] - Action delay is set to 0 milliseconds

2020-06-05 20:58:06 - [MESSAGE][PASSED] - Browser is opened with url: 'http://192.168.1.10:8065/signup_email'

2020-06-05 20:58:06 - [MESSAGE][PASSED] - Method 'Setup' complete successfully

2020-06-05 20:58:06 - [TEST_STEP][PASSED] - callTestCase(findTestCase("Test Cases/Signup/signup_function"), ["var_email":var_email, "var_name":var_name, "var_password":var_password], STOP_ON_FAILURE): Call Test Case 'Test Cases/Signup/signup_function' successfully

2020-06-05 20:58:06 - [TEST_CASE][PASSED] - Test Cases/Signup/signup_function: Test Cases/Signup/signup_function

2020-06-05 20:58:06 - [TEST_STEP][PASSED] - setText(findTestObject("Object Repository/Page_Mattermost_Signup/input_email"), var_email): Text 'cuong@gmail.com' is set on object 'Object Repository/Page_Mattermost_Signup/input_email'

2020-06-05 20:58:07 - [MESSAGE][PASSED] - Text 'cuong@gmail.com' is set on object 'Object Repository/Page_Mattermost_Signup/input_email'

2020-06-05 20:58:07 - [TEST_STEP][PASSED] - setText(findTestObject("Object Repository/Page_Mattermost_Signup/input_name"), var_name): Text '' is set on object 'Object Repository/Page_Mattermost_Signup/input_name'

2020-06-05 20:58:08 - [MESSAGE][PASSED] - Text '' is set on object 'Object Repository/Page_Mattermost_Signup/input_name'

2020-06-05 20:58:08 - [TEST_STEP][PASSED] - setText(findTestObject("Object Repository/Page_Mattermost_Signup/input_password"), var_password): Text 'cuong123' is set on object 'Object Repository/Page_Mattermost_Signup/input_password'

2020-06-05 20:58:08 - [MESSAGE][PASSED] - Text 'cuong123' is set on object 'Object Repository/Page_Mattermost_Signup/input_password'

2020-06-05 20:58:08 - [TEST_STEP][PASSED] - click(findTestObject("Object Repository/Page_Mattermost_Signup/span_Create Account")): Object: 'Object Repository/Page_Mattermost_Signup/span_Create Account' is clicked on

2020-06-05 20:58:09 - [MESSAGE][PASSED] - Object: 'Object Repository/Page_Mattermost_Signup/span_Create Account' is clicked on

2020-06-05 20:58:09 - [MESSAGE][PASSED] - Call Test Case 'Test Cases/Signup/signup_function' successfully

2020-06-05 20:58:09 - [TEST_STEP][PASSED] - switch (var_statusExpectedResult.toString()): null

2020-06-05 20:58:09 - [TEST_STEP][PASSED] - case "name is empty":: null

2020-06-05 20:58:09 - [TEST_STEP][PASSED] - errorMess = getText(findTestObject("Object Repository/Page_Mattermost_Signup/label_status_name")): Text of object 'Object Repository/Page_Mattermost_Signup/label_status_name' is: 'This field is required'

2020-06-05 20:58:09 - [MESSAGE][PASSED] - Text of object 'Object Repository/Page_Mattermost_Signup/label_status_name' is: 'This field is required'

2020-06-05 20:58:09 - [TEST_STEP][PASSED] - verifyEqual(errorMess.contains("This field is required"), true): Actual object 'true' and expected object 'true' are equal

2020-06-05 20:58:09 - [MESSAGE][PASSED] - Actual object 'true' and expected object 'true' are equal

2020-06-05 20:58:09 - [TEST_STEP][PASSED] - break: null

2020-06-05 20:58:09 - [TEST_STEP][PASSED] - Start tear down : Teardown: Method 'Teardown' complete successfully

2020-06-05 20:58:09 - [TEST_STEP][PASSED] - closeBrowser(): Browser is closed

2020-06-05 20:58:10 - [MESSAGE][PASSED] - Browser is closed

2020-06-05 20:58:10 - [MESSAGE][PASSED] - Method 'Teardown' complete successfully]]></system-out>
         <system-err><![CDATA[]]></system-err>
      </testcase>
      <testcase name="Test Cases/Signup/TC_signup_02" time="9.312" classname="Test Cases/Signup/TC_signup_02" status="PASSED">
         <system-out><![CDATA[2020-06-05 20:58:10 - [TEST_CASE][PASSED] - Test Cases/Signup/TC_signup_02: Test Cases/Signup/TC_signup_02

2020-06-05 20:58:10 - [TEST_STEP][PASSED] - Start setup action : Setup: Method 'Setup' complete successfully

2020-06-05 20:58:10 - [TEST_STEP][PASSED] - openBrowser("http://192.168.1.10:8065/signup_email"): Browser is opened with url: 'http://192.168.1.10:8065/signup_email'

2020-06-05 20:58:10 - [MESSAGE][INFO] - Starting 'Firefox' driver

2020-06-05 20:58:10 - [MESSAGE][INFO] - Action delay is set to 0 milliseconds

2020-06-05 20:58:15 - [MESSAGE][PASSED] - Browser is opened with url: 'http://192.168.1.10:8065/signup_email'

2020-06-05 20:58:15 - [MESSAGE][PASSED] - Method 'Setup' complete successfully

2020-06-05 20:58:15 - [TEST_STEP][PASSED] - callTestCase(findTestCase("Test Cases/Signup/signup_function"), ["var_email":var_email, "var_name":var_name, "var_password":var_password], STOP_ON_FAILURE): Call Test Case 'Test Cases/Signup/signup_function' successfully

2020-06-05 20:58:15 - [TEST_CASE][PASSED] - Test Cases/Signup/signup_function: Test Cases/Signup/signup_function

2020-06-05 20:58:15 - [TEST_STEP][PASSED] - setText(findTestObject("Object Repository/Page_Mattermost_Signup/input_email"), var_email): Text 'danh@gmail.com' is set on object 'Object Repository/Page_Mattermost_Signup/input_email'

2020-06-05 20:58:16 - [MESSAGE][PASSED] - Text 'danh@gmail.com' is set on object 'Object Repository/Page_Mattermost_Signup/input_email'

2020-06-05 20:58:16 - [TEST_STEP][PASSED] - setText(findTestObject("Object Repository/Page_Mattermost_Signup/input_name"), var_name): Text '@danh' is set on object 'Object Repository/Page_Mattermost_Signup/input_name'

2020-06-05 20:58:17 - [MESSAGE][PASSED] - Text '@danh' is set on object 'Object Repository/Page_Mattermost_Signup/input_name'

2020-06-05 20:58:17 - [TEST_STEP][PASSED] - setText(findTestObject("Object Repository/Page_Mattermost_Signup/input_password"), var_password): Text 'danh123' is set on object 'Object Repository/Page_Mattermost_Signup/input_password'

2020-06-05 20:58:18 - [MESSAGE][PASSED] - Text 'danh123' is set on object 'Object Repository/Page_Mattermost_Signup/input_password'

2020-06-05 20:58:18 - [TEST_STEP][PASSED] - click(findTestObject("Object Repository/Page_Mattermost_Signup/span_Create Account")): Object: 'Object Repository/Page_Mattermost_Signup/span_Create Account' is clicked on

2020-06-05 20:58:18 - [MESSAGE][PASSED] - Object: 'Object Repository/Page_Mattermost_Signup/span_Create Account' is clicked on

2020-06-05 20:58:18 - [MESSAGE][PASSED] - Call Test Case 'Test Cases/Signup/signup_function' successfully

2020-06-05 20:58:18 - [TEST_STEP][PASSED] - switch (var_statusExpectedResult.toString()): null

2020-06-05 20:58:18 - [TEST_STEP][PASSED] - case "name is not correct":: null

2020-06-05 20:58:18 - [TEST_STEP][PASSED] - errorMess = getText(findTestObject("Object Repository/Page_Mattermost_Signup/label_status_name")): Text of object 'Object Repository/Page_Mattermost_Signup/label_status_name' is: 'Usernames have to begin with a lowercase letter and be 3-22 characters long. You can use lowercase letters, numbers, periods, dashes, and underscores.'

2020-06-05 20:58:18 - [MESSAGE][PASSED] - Text of object 'Object Repository/Page_Mattermost_Signup/label_status_name' is: 'Usernames have to begin with a lowercase letter and be 3-22 characters long. You can use lowercase letters, numbers, periods, dashes, and underscores.'

2020-06-05 20:58:18 - [TEST_STEP][PASSED] - verifyEqual(errorMess.contains("Usernames have to begin with a lowercase letter and be 3-22 characters long. You can use lowercase letters, numbers, periods, dashes, and underscores."), true): Actual object 'true' and expected object 'true' are equal

2020-06-05 20:58:18 - [MESSAGE][PASSED] - Actual object 'true' and expected object 'true' are equal

2020-06-05 20:58:18 - [TEST_STEP][PASSED] - break: null

2020-06-05 20:58:18 - [TEST_STEP][PASSED] - Start tear down : Teardown: Method 'Teardown' complete successfully

2020-06-05 20:58:18 - [TEST_STEP][PASSED] - closeBrowser(): Browser is closed

2020-06-05 20:58:20 - [MESSAGE][PASSED] - Browser is closed

2020-06-05 20:58:20 - [MESSAGE][PASSED] - Method 'Teardown' complete successfully]]></system-out>
         <system-err><![CDATA[]]></system-err>
      </testcase>
      <testcase name="Test Cases/Signup/TC_signup_02" time="9.554" classname="Test Cases/Signup/TC_signup_02" status="PASSED">
         <system-out><![CDATA[2020-06-05 20:58:20 - [TEST_CASE][PASSED] - Test Cases/Signup/TC_signup_02: Test Cases/Signup/TC_signup_02

2020-06-05 20:58:20 - [TEST_STEP][PASSED] - Start setup action : Setup: Method 'Setup' complete successfully

2020-06-05 20:58:20 - [TEST_STEP][PASSED] - openBrowser("http://192.168.1.10:8065/signup_email"): Browser is opened with url: 'http://192.168.1.10:8065/signup_email'

2020-06-05 20:58:20 - [MESSAGE][INFO] - Starting 'Firefox' driver

2020-06-05 20:58:20 - [MESSAGE][INFO] - Action delay is set to 0 milliseconds

2020-06-05 20:58:25 - [MESSAGE][PASSED] - Browser is opened with url: 'http://192.168.1.10:8065/signup_email'

2020-06-05 20:58:25 - [MESSAGE][PASSED] - Method 'Setup' complete successfully

2020-06-05 20:58:25 - [TEST_STEP][PASSED] - callTestCase(findTestCase("Test Cases/Signup/signup_function"), ["var_email":var_email, "var_name":var_name, "var_password":var_password], STOP_ON_FAILURE): Call Test Case 'Test Cases/Signup/signup_function' successfully

2020-06-05 20:58:25 - [TEST_CASE][PASSED] - Test Cases/Signup/signup_function: Test Cases/Signup/signup_function

2020-06-05 20:58:25 - [TEST_STEP][PASSED] - setText(findTestObject("Object Repository/Page_Mattermost_Signup/input_email"), var_email): Text 'bao@gmail.com' is set on object 'Object Repository/Page_Mattermost_Signup/input_email'

2020-06-05 20:58:26 - [MESSAGE][PASSED] - Text 'bao@gmail.com' is set on object 'Object Repository/Page_Mattermost_Signup/input_email'

2020-06-05 20:58:26 - [TEST_STEP][PASSED] - setText(findTestObject("Object Repository/Page_Mattermost_Signup/input_name"), var_name): Text 'bao$' is set on object 'Object Repository/Page_Mattermost_Signup/input_name'

2020-06-05 20:58:27 - [MESSAGE][PASSED] - Text 'bao$' is set on object 'Object Repository/Page_Mattermost_Signup/input_name'

2020-06-05 20:58:27 - [TEST_STEP][PASSED] - setText(findTestObject("Object Repository/Page_Mattermost_Signup/input_password"), var_password): Text 'bao123' is set on object 'Object Repository/Page_Mattermost_Signup/input_password'

2020-06-05 20:58:27 - [MESSAGE][PASSED] - Text 'bao123' is set on object 'Object Repository/Page_Mattermost_Signup/input_password'

2020-06-05 20:58:27 - [TEST_STEP][PASSED] - click(findTestObject("Object Repository/Page_Mattermost_Signup/span_Create Account")): Object: 'Object Repository/Page_Mattermost_Signup/span_Create Account' is clicked on

2020-06-05 20:58:28 - [MESSAGE][PASSED] - Object: 'Object Repository/Page_Mattermost_Signup/span_Create Account' is clicked on

2020-06-05 20:58:28 - [MESSAGE][PASSED] - Call Test Case 'Test Cases/Signup/signup_function' successfully

2020-06-05 20:58:28 - [TEST_STEP][PASSED] - switch (var_statusExpectedResult.toString()): null

2020-06-05 20:58:28 - [TEST_STEP][PASSED] - case "name is not correct":: null

2020-06-05 20:58:28 - [TEST_STEP][PASSED] - errorMess = getText(findTestObject("Object Repository/Page_Mattermost_Signup/label_status_name")): Text of object 'Object Repository/Page_Mattermost_Signup/label_status_name' is: 'Usernames have to begin with a lowercase letter and be 3-22 characters long. You can use lowercase letters, numbers, periods, dashes, and underscores.'

2020-06-05 20:58:28 - [MESSAGE][PASSED] - Text of object 'Object Repository/Page_Mattermost_Signup/label_status_name' is: 'Usernames have to begin with a lowercase letter and be 3-22 characters long. You can use lowercase letters, numbers, periods, dashes, and underscores.'

2020-06-05 20:58:28 - [TEST_STEP][PASSED] - verifyEqual(errorMess.contains("Usernames have to begin with a lowercase letter and be 3-22 characters long. You can use lowercase letters, numbers, periods, dashes, and underscores."), true): Actual object 'true' and expected object 'true' are equal

2020-06-05 20:58:28 - [MESSAGE][PASSED] - Actual object 'true' and expected object 'true' are equal

2020-06-05 20:58:28 - [TEST_STEP][PASSED] - break: null

2020-06-05 20:58:28 - [TEST_STEP][PASSED] - Start tear down : Teardown: Method 'Teardown' complete successfully

2020-06-05 20:58:28 - [TEST_STEP][PASSED] - closeBrowser(): Browser is closed

2020-06-05 20:58:29 - [MESSAGE][PASSED] - Browser is closed

2020-06-05 20:58:29 - [MESSAGE][PASSED] - Method 'Teardown' complete successfully]]></system-out>
         <system-err><![CDATA[]]></system-err>
      </testcase>
      <testcase name="Test Cases/Signup/TC_signup_02" time="9.375" classname="Test Cases/Signup/TC_signup_02" status="PASSED">
         <system-out><![CDATA[2020-06-05 20:58:29 - [TEST_CASE][PASSED] - Test Cases/Signup/TC_signup_02: Test Cases/Signup/TC_signup_02

2020-06-05 20:58:29 - [TEST_STEP][PASSED] - Start setup action : Setup: Method 'Setup' complete successfully

2020-06-05 20:58:29 - [TEST_STEP][PASSED] - openBrowser("http://192.168.1.10:8065/signup_email"): Browser is opened with url: 'http://192.168.1.10:8065/signup_email'

2020-06-05 20:58:29 - [MESSAGE][INFO] - Starting 'Firefox' driver

2020-06-05 20:58:29 - [MESSAGE][INFO] - Action delay is set to 0 milliseconds

2020-06-05 20:58:34 - [MESSAGE][PASSED] - Browser is opened with url: 'http://192.168.1.10:8065/signup_email'

2020-06-05 20:58:34 - [MESSAGE][PASSED] - Method 'Setup' complete successfully

2020-06-05 20:58:34 - [TEST_STEP][PASSED] - callTestCase(findTestCase("Test Cases/Signup/signup_function"), ["var_email":var_email, "var_name":var_name, "var_password":var_password], STOP_ON_FAILURE): Call Test Case 'Test Cases/Signup/signup_function' successfully

2020-06-05 20:58:34 - [TEST_CASE][PASSED] - Test Cases/Signup/signup_function: Test Cases/Signup/signup_function

2020-06-05 20:58:34 - [TEST_STEP][PASSED] - setText(findTestObject("Object Repository/Page_Mattermost_Signup/input_email"), var_email): Text 'hien@gmail.com' is set on object 'Object Repository/Page_Mattermost_Signup/input_email'

2020-06-05 20:58:36 - [MESSAGE][PASSED] - Text 'hien@gmail.com' is set on object 'Object Repository/Page_Mattermost_Signup/input_email'

2020-06-05 20:58:36 - [TEST_STEP][PASSED] - setText(findTestObject("Object Repository/Page_Mattermost_Signup/input_name"), var_name): Text 'ab' is set on object 'Object Repository/Page_Mattermost_Signup/input_name'

2020-06-05 20:58:36 - [MESSAGE][PASSED] - Text 'ab' is set on object 'Object Repository/Page_Mattermost_Signup/input_name'

2020-06-05 20:58:36 - [TEST_STEP][PASSED] - setText(findTestObject("Object Repository/Page_Mattermost_Signup/input_password"), var_password): Text 'hien123' is set on object 'Object Repository/Page_Mattermost_Signup/input_password'

2020-06-05 20:58:37 - [MESSAGE][PASSED] - Text 'hien123' is set on object 'Object Repository/Page_Mattermost_Signup/input_password'

2020-06-05 20:58:37 - [TEST_STEP][PASSED] - click(findTestObject("Object Repository/Page_Mattermost_Signup/span_Create Account")): Object: 'Object Repository/Page_Mattermost_Signup/span_Create Account' is clicked on

2020-06-05 20:58:37 - [MESSAGE][PASSED] - Object: 'Object Repository/Page_Mattermost_Signup/span_Create Account' is clicked on

2020-06-05 20:58:37 - [MESSAGE][PASSED] - Call Test Case 'Test Cases/Signup/signup_function' successfully

2020-06-05 20:58:37 - [TEST_STEP][PASSED] - switch (var_statusExpectedResult.toString()): null

2020-06-05 20:58:37 - [TEST_STEP][PASSED] - case "name is not correct":: null

2020-06-05 20:58:37 - [TEST_STEP][PASSED] - errorMess = getText(findTestObject("Object Repository/Page_Mattermost_Signup/label_status_name")): Text of object 'Object Repository/Page_Mattermost_Signup/label_status_name' is: 'Usernames have to begin with a lowercase letter and be 3-22 characters long. You can use lowercase letters, numbers, periods, dashes, and underscores.'

2020-06-05 20:58:38 - [MESSAGE][PASSED] - Text of object 'Object Repository/Page_Mattermost_Signup/label_status_name' is: 'Usernames have to begin with a lowercase letter and be 3-22 characters long. You can use lowercase letters, numbers, periods, dashes, and underscores.'

2020-06-05 20:58:38 - [TEST_STEP][PASSED] - verifyEqual(errorMess.contains("Usernames have to begin with a lowercase letter and be 3-22 characters long. You can use lowercase letters, numbers, periods, dashes, and underscores."), true): Actual object 'true' and expected object 'true' are equal

2020-06-05 20:58:38 - [MESSAGE][PASSED] - Actual object 'true' and expected object 'true' are equal

2020-06-05 20:58:38 - [TEST_STEP][PASSED] - break: null

2020-06-05 20:58:38 - [TEST_STEP][PASSED] - Start tear down : Teardown: Method 'Teardown' complete successfully

2020-06-05 20:58:38 - [TEST_STEP][PASSED] - closeBrowser(): Browser is closed

2020-06-05 20:58:38 - [MESSAGE][PASSED] - Browser is closed

2020-06-05 20:58:38 - [MESSAGE][PASSED] - Method 'Teardown' complete successfully]]></system-out>
         <system-err><![CDATA[]]></system-err>
      </testcase>
      <testcase name="Test Cases/Signup/TC_signup_02" time="9.221" classname="Test Cases/Signup/TC_signup_02" status="PASSED">
         <system-out><![CDATA[2020-06-05 20:58:39 - [TEST_CASE][PASSED] - Test Cases/Signup/TC_signup_02: Test Cases/Signup/TC_signup_02

2020-06-05 20:58:39 - [TEST_STEP][PASSED] - Start setup action : Setup: Method 'Setup' complete successfully

2020-06-05 20:58:39 - [TEST_STEP][PASSED] - openBrowser("http://192.168.1.10:8065/signup_email"): Browser is opened with url: 'http://192.168.1.10:8065/signup_email'

2020-06-05 20:58:39 - [MESSAGE][INFO] - Starting 'Firefox' driver

2020-06-05 20:58:39 - [MESSAGE][INFO] - Action delay is set to 0 milliseconds

2020-06-05 20:58:43 - [MESSAGE][PASSED] - Browser is opened with url: 'http://192.168.1.10:8065/signup_email'

2020-06-05 20:58:43 - [MESSAGE][PASSED] - Method 'Setup' complete successfully

2020-06-05 20:58:43 - [TEST_STEP][PASSED] - callTestCase(findTestCase("Test Cases/Signup/signup_function"), ["var_email":var_email, "var_name":var_name, "var_password":var_password], STOP_ON_FAILURE): Call Test Case 'Test Cases/Signup/signup_function' successfully

2020-06-05 20:58:43 - [TEST_CASE][PASSED] - Test Cases/Signup/signup_function: Test Cases/Signup/signup_function

2020-06-05 20:58:43 - [TEST_STEP][PASSED] - setText(findTestObject("Object Repository/Page_Mattermost_Signup/input_email"), var_email): Text 'test@gmail.com' is set on object 'Object Repository/Page_Mattermost_Signup/input_email'

2020-06-05 20:58:45 - [MESSAGE][PASSED] - Text 'test@gmail.com' is set on object 'Object Repository/Page_Mattermost_Signup/input_email'

2020-06-05 20:58:45 - [TEST_STEP][PASSED] - setText(findTestObject("Object Repository/Page_Mattermost_Signup/input_name"), var_name): Text '' is set on object 'Object Repository/Page_Mattermost_Signup/input_name'

2020-06-05 20:58:45 - [MESSAGE][PASSED] - Text '' is set on object 'Object Repository/Page_Mattermost_Signup/input_name'

2020-06-05 20:58:45 - [TEST_STEP][PASSED] - setText(findTestObject("Object Repository/Page_Mattermost_Signup/input_password"), var_password): Text 'test123' is set on object 'Object Repository/Page_Mattermost_Signup/input_password'

2020-06-05 20:58:46 - [MESSAGE][PASSED] - Text 'test123' is set on object 'Object Repository/Page_Mattermost_Signup/input_password'

2020-06-05 20:58:46 - [TEST_STEP][PASSED] - click(findTestObject("Object Repository/Page_Mattermost_Signup/span_Create Account")): Object: 'Object Repository/Page_Mattermost_Signup/span_Create Account' is clicked on

2020-06-05 20:58:46 - [MESSAGE][PASSED] - Object: 'Object Repository/Page_Mattermost_Signup/span_Create Account' is clicked on

2020-06-05 20:58:46 - [MESSAGE][PASSED] - Call Test Case 'Test Cases/Signup/signup_function' successfully

2020-06-05 20:58:46 - [TEST_STEP][PASSED] - switch (var_statusExpectedResult.toString()): null

2020-06-05 20:58:46 - [TEST_STEP][PASSED] - case "name is empty":: null

2020-06-05 20:58:46 - [TEST_STEP][PASSED] - errorMess = getText(findTestObject("Object Repository/Page_Mattermost_Signup/label_status_name")): Text of object 'Object Repository/Page_Mattermost_Signup/label_status_name' is: 'This field is required'

2020-06-05 20:58:47 - [MESSAGE][PASSED] - Text of object 'Object Repository/Page_Mattermost_Signup/label_status_name' is: 'This field is required'

2020-06-05 20:58:47 - [TEST_STEP][PASSED] - verifyEqual(errorMess.contains("This field is required"), true): Actual object 'true' and expected object 'true' are equal

2020-06-05 20:58:47 - [MESSAGE][PASSED] - Actual object 'true' and expected object 'true' are equal

2020-06-05 20:58:47 - [TEST_STEP][PASSED] - break: null

2020-06-05 20:58:47 - [TEST_STEP][PASSED] - Start tear down : Teardown: Method 'Teardown' complete successfully

2020-06-05 20:58:47 - [TEST_STEP][PASSED] - closeBrowser(): Browser is closed

2020-06-05 20:58:48 - [MESSAGE][PASSED] - Browser is closed

2020-06-05 20:58:48 - [MESSAGE][PASSED] - Method 'Teardown' complete successfully]]></system-out>
         <system-err><![CDATA[]]></system-err>
      </testcase>
      <testcase name="Test Cases/Signup/TC_signup_03" time="9.395" classname="Test Cases/Signup/TC_signup_03" status="PASSED">
         <system-out><![CDATA[2020-06-05 20:58:48 - [TEST_CASE][PASSED] - Test Cases/Signup/TC_signup_03: Test Cases/Signup/TC_signup_03

2020-06-05 20:58:48 - [TEST_STEP][PASSED] - Start setup action : Setup: Method 'Setup' complete successfully

2020-06-05 20:58:48 - [TEST_STEP][PASSED] - openBrowser("http://192.168.1.10:8065/signup_email"): Browser is opened with url: 'http://192.168.1.10:8065/signup_email'

2020-06-05 20:58:48 - [MESSAGE][INFO] - Starting 'Firefox' driver

2020-06-05 20:58:48 - [MESSAGE][INFO] - Action delay is set to 0 milliseconds

2020-06-05 20:58:53 - [MESSAGE][PASSED] - Browser is opened with url: 'http://192.168.1.10:8065/signup_email'

2020-06-05 20:58:53 - [MESSAGE][PASSED] - Method 'Setup' complete successfully

2020-06-05 20:58:53 - [TEST_STEP][PASSED] - callTestCase(findTestCase("Test Cases/Signup/signup_function"), ["var_email":var_email, "var_name":var_name, "var_password":var_password], STOP_ON_FAILURE): Call Test Case 'Test Cases/Signup/signup_function' successfully

2020-06-05 20:58:53 - [TEST_CASE][PASSED] - Test Cases/Signup/signup_function: Test Cases/Signup/signup_function

2020-06-05 20:58:53 - [TEST_STEP][PASSED] - setText(findTestObject("Object Repository/Page_Mattermost_Signup/input_email"), var_email): Text 'cuong@gmail.com' is set on object 'Object Repository/Page_Mattermost_Signup/input_email'

2020-06-05 20:58:54 - [MESSAGE][PASSED] - Text 'cuong@gmail.com' is set on object 'Object Repository/Page_Mattermost_Signup/input_email'

2020-06-05 20:58:54 - [TEST_STEP][PASSED] - setText(findTestObject("Object Repository/Page_Mattermost_Signup/input_name"), var_name): Text 'cuong' is set on object 'Object Repository/Page_Mattermost_Signup/input_name'

2020-06-05 20:58:55 - [MESSAGE][PASSED] - Text 'cuong' is set on object 'Object Repository/Page_Mattermost_Signup/input_name'

2020-06-05 20:58:55 - [TEST_STEP][PASSED] - setText(findTestObject("Object Repository/Page_Mattermost_Signup/input_password"), var_password): Text '' is set on object 'Object Repository/Page_Mattermost_Signup/input_password'

2020-06-05 20:58:55 - [MESSAGE][PASSED] - Text '' is set on object 'Object Repository/Page_Mattermost_Signup/input_password'

2020-06-05 20:58:55 - [TEST_STEP][PASSED] - click(findTestObject("Object Repository/Page_Mattermost_Signup/span_Create Account")): Object: 'Object Repository/Page_Mattermost_Signup/span_Create Account' is clicked on

2020-06-05 20:58:56 - [MESSAGE][PASSED] - Object: 'Object Repository/Page_Mattermost_Signup/span_Create Account' is clicked on

2020-06-05 20:58:56 - [MESSAGE][PASSED] - Call Test Case 'Test Cases/Signup/signup_function' successfully

2020-06-05 20:58:56 - [TEST_STEP][PASSED] - switch (var_statusExpectedResult.toString()): null

2020-06-05 20:58:56 - [TEST_STEP][PASSED] - case "password is not correct":: null

2020-06-05 20:58:56 - [TEST_STEP][PASSED] - errorMess = getText(findTestObject("Object Repository/Page_Mattermost_Signup/label_status_password")): Text of object 'Object Repository/Page_Mattermost_Signup/label_status_password' is: 'Your password must contain between 5 and 64 characters.'

2020-06-05 20:58:56 - [MESSAGE][PASSED] - Text of object 'Object Repository/Page_Mattermost_Signup/label_status_password' is: 'Your password must contain between 5 and 64 characters.'

2020-06-05 20:58:56 - [TEST_STEP][PASSED] - verifyEqual(errorMess.contains("Your password must contain between 5 and 64 characters."), true): Actual object 'true' and expected object 'true' are equal

2020-06-05 20:58:56 - [MESSAGE][PASSED] - Actual object 'true' and expected object 'true' are equal

2020-06-05 20:58:56 - [TEST_STEP][PASSED] - break: null

2020-06-05 20:58:56 - [TEST_STEP][PASSED] - Start tear down : Teardown: Method 'Teardown' complete successfully

2020-06-05 20:58:56 - [TEST_STEP][PASSED] - closeBrowser(): Browser is closed

2020-06-05 20:58:57 - [MESSAGE][PASSED] - Browser is closed

2020-06-05 20:58:57 - [MESSAGE][PASSED] - Method 'Teardown' complete successfully]]></system-out>
         <system-err><![CDATA[]]></system-err>
      </testcase>
      <testcase name="Test Cases/Signup/TC_signup_03" time="8.897" classname="Test Cases/Signup/TC_signup_03" status="PASSED">
         <system-out><![CDATA[2020-06-05 20:58:57 - [TEST_CASE][PASSED] - Test Cases/Signup/TC_signup_03: Test Cases/Signup/TC_signup_03

2020-06-05 20:58:57 - [TEST_STEP][PASSED] - Start setup action : Setup: Method 'Setup' complete successfully

2020-06-05 20:58:57 - [TEST_STEP][PASSED] - openBrowser("http://192.168.1.10:8065/signup_email"): Browser is opened with url: 'http://192.168.1.10:8065/signup_email'

2020-06-05 20:58:57 - [MESSAGE][INFO] - Starting 'Firefox' driver

2020-06-05 20:58:57 - [MESSAGE][INFO] - Action delay is set to 0 milliseconds

2020-06-05 20:59:02 - [MESSAGE][PASSED] - Browser is opened with url: 'http://192.168.1.10:8065/signup_email'

2020-06-05 20:59:02 - [MESSAGE][PASSED] - Method 'Setup' complete successfully

2020-06-05 20:59:02 - [TEST_STEP][PASSED] - callTestCase(findTestCase("Test Cases/Signup/signup_function"), ["var_email":var_email, "var_name":var_name, "var_password":var_password], STOP_ON_FAILURE): Call Test Case 'Test Cases/Signup/signup_function' successfully

2020-06-05 20:59:02 - [TEST_CASE][PASSED] - Test Cases/Signup/signup_function: Test Cases/Signup/signup_function

2020-06-05 20:59:02 - [TEST_STEP][PASSED] - setText(findTestObject("Object Repository/Page_Mattermost_Signup/input_email"), var_email): Text 'hien@gmail.com' is set on object 'Object Repository/Page_Mattermost_Signup/input_email'

2020-06-05 20:59:03 - [MESSAGE][PASSED] - Text 'hien@gmail.com' is set on object 'Object Repository/Page_Mattermost_Signup/input_email'

2020-06-05 20:59:03 - [TEST_STEP][PASSED] - setText(findTestObject("Object Repository/Page_Mattermost_Signup/input_name"), var_name): Text 'hien' is set on object 'Object Repository/Page_Mattermost_Signup/input_name'

2020-06-05 20:59:04 - [MESSAGE][PASSED] - Text 'hien' is set on object 'Object Repository/Page_Mattermost_Signup/input_name'

2020-06-05 20:59:04 - [TEST_STEP][PASSED] - setText(findTestObject("Object Repository/Page_Mattermost_Signup/input_password"), var_password): Text 'abc' is set on object 'Object Repository/Page_Mattermost_Signup/input_password'

2020-06-05 20:59:04 - [MESSAGE][PASSED] - Text 'abc' is set on object 'Object Repository/Page_Mattermost_Signup/input_password'

2020-06-05 20:59:04 - [TEST_STEP][PASSED] - click(findTestObject("Object Repository/Page_Mattermost_Signup/span_Create Account")): Object: 'Object Repository/Page_Mattermost_Signup/span_Create Account' is clicked on

2020-06-05 20:59:05 - [MESSAGE][PASSED] - Object: 'Object Repository/Page_Mattermost_Signup/span_Create Account' is clicked on

2020-06-05 20:59:05 - [MESSAGE][PASSED] - Call Test Case 'Test Cases/Signup/signup_function' successfully

2020-06-05 20:59:05 - [TEST_STEP][PASSED] - switch (var_statusExpectedResult.toString()): null

2020-06-05 20:59:05 - [TEST_STEP][PASSED] - case "password is not correct":: null

2020-06-05 20:59:05 - [TEST_STEP][PASSED] - errorMess = getText(findTestObject("Object Repository/Page_Mattermost_Signup/label_status_password")): Text of object 'Object Repository/Page_Mattermost_Signup/label_status_password' is: 'Your password must contain between 5 and 64 characters.'

2020-06-05 20:59:05 - [MESSAGE][PASSED] - Text of object 'Object Repository/Page_Mattermost_Signup/label_status_password' is: 'Your password must contain between 5 and 64 characters.'

2020-06-05 20:59:05 - [TEST_STEP][PASSED] - verifyEqual(errorMess.contains("Your password must contain between 5 and 64 characters."), true): Actual object 'true' and expected object 'true' are equal

2020-06-05 20:59:05 - [MESSAGE][PASSED] - Actual object 'true' and expected object 'true' are equal

2020-06-05 20:59:05 - [TEST_STEP][PASSED] - break: null

2020-06-05 20:59:05 - [TEST_STEP][PASSED] - Start tear down : Teardown: Method 'Teardown' complete successfully

2020-06-05 20:59:05 - [TEST_STEP][PASSED] - closeBrowser(): Browser is closed

2020-06-05 20:59:06 - [MESSAGE][PASSED] - Browser is closed

2020-06-05 20:59:06 - [MESSAGE][PASSED] - Method 'Teardown' complete successfully]]></system-out>
         <system-err><![CDATA[]]></system-err>
      </testcase>
      <testcase name="Test Cases/Signup/TC_signup_03" time="9.104" classname="Test Cases/Signup/TC_signup_03" status="PASSED">
         <system-out><![CDATA[2020-06-05 20:59:06 - [TEST_CASE][PASSED] - Test Cases/Signup/TC_signup_03: Test Cases/Signup/TC_signup_03

2020-06-05 20:59:06 - [TEST_STEP][PASSED] - Start setup action : Setup: Method 'Setup' complete successfully

2020-06-05 20:59:06 - [TEST_STEP][PASSED] - openBrowser("http://192.168.1.10:8065/signup_email"): Browser is opened with url: 'http://192.168.1.10:8065/signup_email'

2020-06-05 20:59:06 - [MESSAGE][INFO] - Starting 'Firefox' driver

2020-06-05 20:59:06 - [MESSAGE][INFO] - Action delay is set to 0 milliseconds

2020-06-05 20:59:11 - [MESSAGE][PASSED] - Browser is opened with url: 'http://192.168.1.10:8065/signup_email'

2020-06-05 20:59:11 - [MESSAGE][PASSED] - Method 'Setup' complete successfully

2020-06-05 20:59:11 - [TEST_STEP][PASSED] - callTestCase(findTestCase("Test Cases/Signup/signup_function"), ["var_email":var_email, "var_name":var_name, "var_password":var_password], STOP_ON_FAILURE): Call Test Case 'Test Cases/Signup/signup_function' successfully

2020-06-05 20:59:11 - [TEST_CASE][PASSED] - Test Cases/Signup/signup_function: Test Cases/Signup/signup_function

2020-06-05 20:59:11 - [TEST_STEP][PASSED] - setText(findTestObject("Object Repository/Page_Mattermost_Signup/input_email"), var_email): Text 'bao@gmail.com' is set on object 'Object Repository/Page_Mattermost_Signup/input_email'

2020-06-05 20:59:12 - [MESSAGE][PASSED] - Text 'bao@gmail.com' is set on object 'Object Repository/Page_Mattermost_Signup/input_email'

2020-06-05 20:59:12 - [TEST_STEP][PASSED] - setText(findTestObject("Object Repository/Page_Mattermost_Signup/input_name"), var_name): Text 'bao' is set on object 'Object Repository/Page_Mattermost_Signup/input_name'

2020-06-05 20:59:13 - [MESSAGE][PASSED] - Text 'bao' is set on object 'Object Repository/Page_Mattermost_Signup/input_name'

2020-06-05 20:59:13 - [TEST_STEP][PASSED] - setText(findTestObject("Object Repository/Page_Mattermost_Signup/input_password"), var_password): Text 'bao' is set on object 'Object Repository/Page_Mattermost_Signup/input_password'

2020-06-05 20:59:13 - [MESSAGE][PASSED] - Text 'bao' is set on object 'Object Repository/Page_Mattermost_Signup/input_password'

2020-06-05 20:59:13 - [TEST_STEP][PASSED] - click(findTestObject("Object Repository/Page_Mattermost_Signup/span_Create Account")): Object: 'Object Repository/Page_Mattermost_Signup/span_Create Account' is clicked on

2020-06-05 20:59:14 - [MESSAGE][PASSED] - Object: 'Object Repository/Page_Mattermost_Signup/span_Create Account' is clicked on

2020-06-05 20:59:14 - [MESSAGE][PASSED] - Call Test Case 'Test Cases/Signup/signup_function' successfully

2020-06-05 20:59:14 - [TEST_STEP][PASSED] - switch (var_statusExpectedResult.toString()): null

2020-06-05 20:59:14 - [TEST_STEP][PASSED] - case "password is not correct":: null

2020-06-05 20:59:14 - [TEST_STEP][PASSED] - errorMess = getText(findTestObject("Object Repository/Page_Mattermost_Signup/label_status_password")): Text of object 'Object Repository/Page_Mattermost_Signup/label_status_password' is: 'Your password must contain between 5 and 64 characters.'

2020-06-05 20:59:14 - [MESSAGE][PASSED] - Text of object 'Object Repository/Page_Mattermost_Signup/label_status_password' is: 'Your password must contain between 5 and 64 characters.'

2020-06-05 20:59:14 - [TEST_STEP][PASSED] - verifyEqual(errorMess.contains("Your password must contain between 5 and 64 characters."), true): Actual object 'true' and expected object 'true' are equal

2020-06-05 20:59:14 - [MESSAGE][PASSED] - Actual object 'true' and expected object 'true' are equal

2020-06-05 20:59:14 - [TEST_STEP][PASSED] - break: null

2020-06-05 20:59:14 - [TEST_STEP][PASSED] - Start tear down : Teardown: Method 'Teardown' complete successfully

2020-06-05 20:59:14 - [TEST_STEP][PASSED] - closeBrowser(): Browser is closed

2020-06-05 20:59:15 - [MESSAGE][PASSED] - Browser is closed

2020-06-05 20:59:15 - [MESSAGE][PASSED] - Method 'Teardown' complete successfully]]></system-out>
         <system-err><![CDATA[]]></system-err>
      </testcase>
      <testcase name="Test Cases/Signup/TC_signup_03" time="9.008" classname="Test Cases/Signup/TC_signup_03" status="PASSED">
         <system-out><![CDATA[2020-06-05 20:59:15 - [TEST_CASE][PASSED] - Test Cases/Signup/TC_signup_03: Test Cases/Signup/TC_signup_03

2020-06-05 20:59:15 - [TEST_STEP][PASSED] - Start setup action : Setup: Method 'Setup' complete successfully

2020-06-05 20:59:15 - [TEST_STEP][PASSED] - openBrowser("http://192.168.1.10:8065/signup_email"): Browser is opened with url: 'http://192.168.1.10:8065/signup_email'

2020-06-05 20:59:15 - [MESSAGE][INFO] - Starting 'Firefox' driver

2020-06-05 20:59:15 - [MESSAGE][INFO] - Action delay is set to 0 milliseconds

2020-06-05 20:59:20 - [MESSAGE][PASSED] - Browser is opened with url: 'http://192.168.1.10:8065/signup_email'

2020-06-05 20:59:20 - [MESSAGE][PASSED] - Method 'Setup' complete successfully

2020-06-05 20:59:20 - [TEST_STEP][PASSED] - callTestCase(findTestCase("Test Cases/Signup/signup_function"), ["var_email":var_email, "var_name":var_name, "var_password":var_password], STOP_ON_FAILURE): Call Test Case 'Test Cases/Signup/signup_function' successfully

2020-06-05 20:59:20 - [TEST_CASE][PASSED] - Test Cases/Signup/signup_function: Test Cases/Signup/signup_function

2020-06-05 20:59:20 - [TEST_STEP][PASSED] - setText(findTestObject("Object Repository/Page_Mattermost_Signup/input_email"), var_email): Text 'danh@gmai.com' is set on object 'Object Repository/Page_Mattermost_Signup/input_email'

2020-06-05 20:59:21 - [MESSAGE][PASSED] - Text 'danh@gmai.com' is set on object 'Object Repository/Page_Mattermost_Signup/input_email'

2020-06-05 20:59:21 - [TEST_STEP][PASSED] - setText(findTestObject("Object Repository/Page_Mattermost_Signup/input_name"), var_name): Text 'danh' is set on object 'Object Repository/Page_Mattermost_Signup/input_name'

2020-06-05 20:59:22 - [MESSAGE][PASSED] - Text 'danh' is set on object 'Object Repository/Page_Mattermost_Signup/input_name'

2020-06-05 20:59:22 - [TEST_STEP][PASSED] - setText(findTestObject("Object Repository/Page_Mattermost_Signup/input_password"), var_password): Text 'danh' is set on object 'Object Repository/Page_Mattermost_Signup/input_password'

2020-06-05 20:59:22 - [MESSAGE][PASSED] - Text 'danh' is set on object 'Object Repository/Page_Mattermost_Signup/input_password'

2020-06-05 20:59:22 - [TEST_STEP][PASSED] - click(findTestObject("Object Repository/Page_Mattermost_Signup/span_Create Account")): Object: 'Object Repository/Page_Mattermost_Signup/span_Create Account' is clicked on

2020-06-05 20:59:23 - [MESSAGE][PASSED] - Object: 'Object Repository/Page_Mattermost_Signup/span_Create Account' is clicked on

2020-06-05 20:59:23 - [MESSAGE][PASSED] - Call Test Case 'Test Cases/Signup/signup_function' successfully

2020-06-05 20:59:23 - [TEST_STEP][PASSED] - switch (var_statusExpectedResult.toString()): null

2020-06-05 20:59:23 - [TEST_STEP][PASSED] - case "password is not correct":: null

2020-06-05 20:59:23 - [TEST_STEP][PASSED] - errorMess = getText(findTestObject("Object Repository/Page_Mattermost_Signup/label_status_password")): Text of object 'Object Repository/Page_Mattermost_Signup/label_status_password' is: 'Your password must contain between 5 and 64 characters.'

2020-06-05 20:59:23 - [MESSAGE][PASSED] - Text of object 'Object Repository/Page_Mattermost_Signup/label_status_password' is: 'Your password must contain between 5 and 64 characters.'

2020-06-05 20:59:23 - [TEST_STEP][PASSED] - verifyEqual(errorMess.contains("Your password must contain between 5 and 64 characters."), true): Actual object 'true' and expected object 'true' are equal

2020-06-05 20:59:23 - [MESSAGE][PASSED] - Actual object 'true' and expected object 'true' are equal

2020-06-05 20:59:23 - [TEST_STEP][PASSED] - break: null

2020-06-05 20:59:23 - [TEST_STEP][PASSED] - Start tear down : Teardown: Method 'Teardown' complete successfully

2020-06-05 20:59:23 - [TEST_STEP][PASSED] - closeBrowser(): Browser is closed

2020-06-05 20:59:24 - [MESSAGE][PASSED] - Browser is closed

2020-06-05 20:59:24 - [MESSAGE][PASSED] - Method 'Teardown' complete successfully]]></system-out>
         <system-err><![CDATA[]]></system-err>
      </testcase>
      <testcase name="Test Cases/Signup/TC_signup_03" time="9.468" classname="Test Cases/Signup/TC_signup_03" status="PASSED">
         <system-out><![CDATA[2020-06-05 20:59:24 - [TEST_CASE][PASSED] - Test Cases/Signup/TC_signup_03: Test Cases/Signup/TC_signup_03

2020-06-05 20:59:24 - [TEST_STEP][PASSED] - Start setup action : Setup: Method 'Setup' complete successfully

2020-06-05 20:59:24 - [TEST_STEP][PASSED] - openBrowser("http://192.168.1.10:8065/signup_email"): Browser is opened with url: 'http://192.168.1.10:8065/signup_email'

2020-06-05 20:59:24 - [MESSAGE][INFO] - Starting 'Firefox' driver

2020-06-05 20:59:24 - [MESSAGE][INFO] - Action delay is set to 0 milliseconds

2020-06-05 20:59:29 - [MESSAGE][PASSED] - Browser is opened with url: 'http://192.168.1.10:8065/signup_email'

2020-06-05 20:59:29 - [MESSAGE][PASSED] - Method 'Setup' complete successfully

2020-06-05 20:59:29 - [TEST_STEP][PASSED] - callTestCase(findTestCase("Test Cases/Signup/signup_function"), ["var_email":var_email, "var_name":var_name, "var_password":var_password], STOP_ON_FAILURE): Call Test Case 'Test Cases/Signup/signup_function' successfully

2020-06-05 20:59:29 - [TEST_CASE][PASSED] - Test Cases/Signup/signup_function: Test Cases/Signup/signup_function

2020-06-05 20:59:29 - [TEST_STEP][PASSED] - setText(findTestObject("Object Repository/Page_Mattermost_Signup/input_email"), var_email): Text 'test@gmail.com' is set on object 'Object Repository/Page_Mattermost_Signup/input_email'

2020-06-05 20:59:31 - [MESSAGE][PASSED] - Text 'test@gmail.com' is set on object 'Object Repository/Page_Mattermost_Signup/input_email'

2020-06-05 20:59:31 - [TEST_STEP][PASSED] - setText(findTestObject("Object Repository/Page_Mattermost_Signup/input_name"), var_name): Text 'test' is set on object 'Object Repository/Page_Mattermost_Signup/input_name'

2020-06-05 20:59:31 - [MESSAGE][PASSED] - Text 'test' is set on object 'Object Repository/Page_Mattermost_Signup/input_name'

2020-06-05 20:59:31 - [TEST_STEP][PASSED] - setText(findTestObject("Object Repository/Page_Mattermost_Signup/input_password"), var_password): Text 'test' is set on object 'Object Repository/Page_Mattermost_Signup/input_password'

2020-06-05 20:59:32 - [MESSAGE][PASSED] - Text 'test' is set on object 'Object Repository/Page_Mattermost_Signup/input_password'

2020-06-05 20:59:32 - [TEST_STEP][PASSED] - click(findTestObject("Object Repository/Page_Mattermost_Signup/span_Create Account")): Object: 'Object Repository/Page_Mattermost_Signup/span_Create Account' is clicked on

2020-06-05 20:59:32 - [MESSAGE][PASSED] - Object: 'Object Repository/Page_Mattermost_Signup/span_Create Account' is clicked on

2020-06-05 20:59:32 - [MESSAGE][PASSED] - Call Test Case 'Test Cases/Signup/signup_function' successfully

2020-06-05 20:59:32 - [TEST_STEP][PASSED] - switch (var_statusExpectedResult.toString()): null

2020-06-05 20:59:32 - [TEST_STEP][PASSED] - case "password is not correct":: null

2020-06-05 20:59:32 - [TEST_STEP][PASSED] - errorMess = getText(findTestObject("Object Repository/Page_Mattermost_Signup/label_status_password")): Text of object 'Object Repository/Page_Mattermost_Signup/label_status_password' is: 'Your password must contain between 5 and 64 characters.'

2020-06-05 20:59:33 - [MESSAGE][PASSED] - Text of object 'Object Repository/Page_Mattermost_Signup/label_status_password' is: 'Your password must contain between 5 and 64 characters.'

2020-06-05 20:59:33 - [TEST_STEP][PASSED] - verifyEqual(errorMess.contains("Your password must contain between 5 and 64 characters."), true): Actual object 'true' and expected object 'true' are equal

2020-06-05 20:59:33 - [MESSAGE][PASSED] - Actual object 'true' and expected object 'true' are equal

2020-06-05 20:59:33 - [TEST_STEP][PASSED] - break: null

2020-06-05 20:59:33 - [TEST_STEP][PASSED] - Start tear down : Teardown: Method 'Teardown' complete successfully

2020-06-05 20:59:33 - [TEST_STEP][PASSED] - closeBrowser(): Browser is closed

2020-06-05 20:59:34 - [MESSAGE][PASSED] - Browser is closed

2020-06-05 20:59:34 - [MESSAGE][PASSED] - Method 'Teardown' complete successfully]]></system-out>
         <system-err><![CDATA[]]></system-err>
      </testcase>
      <testcase name="Test Cases/Login/TC_login_01" time="8.794" classname="Test Cases/Login/TC_login_01" status="PASSED">
         <system-out><![CDATA[2020-06-05 20:59:34 - [TEST_CASE][PASSED] - Test Cases/Login/TC_login_01: Test Cases/Login/TC_login_01

2020-06-05 20:59:34 - [TEST_STEP][PASSED] - Start setup action : Setup: Method 'Setup' complete successfully

2020-06-05 20:59:34 - [TEST_STEP][PASSED] - openBrowser("http://192.168.1.10:8065/login"): Browser is opened with url: 'http://192.168.1.10:8065/login'

2020-06-05 20:59:34 - [MESSAGE][INFO] - Starting 'Firefox' driver

2020-06-05 20:59:34 - [MESSAGE][INFO] - Action delay is set to 0 milliseconds

2020-06-05 20:59:38 - [MESSAGE][PASSED] - Browser is opened with url: 'http://192.168.1.10:8065/login'

2020-06-05 20:59:38 - [MESSAGE][PASSED] - Method 'Setup' complete successfully

2020-06-05 20:59:38 - [TEST_STEP][PASSED] - callTestCase(findTestCase("Test Cases/Login/login_function"), ["var_user":var_email, "var_password":var_password], STOP_ON_FAILURE): Call Test Case 'Test Cases/Login/login_function' successfully

2020-06-05 20:59:39 - [TEST_CASE][PASSED] - Test Cases/Login/login_function: Test Cases/Login/login_function

2020-06-05 20:59:39 - [TEST_STEP][PASSED] - setText(findTestObject("Object Repository/Page_Mattermost_login/input_loginId"), var_user): Text '' is set on object 'Object Repository/Page_Mattermost_login/input_loginId'

2020-06-05 20:59:40 - [MESSAGE][PASSED] - Text '' is set on object 'Object Repository/Page_Mattermost_login/input_loginId'

2020-06-05 20:59:40 - [TEST_STEP][PASSED] - setText(findTestObject("Object Repository/Page_Mattermost_login/input_password"), var_password): Text 'matkhausai' is set on object 'Object Repository/Page_Mattermost_login/input_password'

2020-06-05 20:59:41 - [MESSAGE][PASSED] - Text 'matkhausai' is set on object 'Object Repository/Page_Mattermost_login/input_password'

2020-06-05 20:59:41 - [TEST_STEP][PASSED] - click(findTestObject("Object Repository/Page_Mattermost_login/span_Sign in")): Object: 'Object Repository/Page_Mattermost_login/span_Sign in' is clicked on

2020-06-05 20:59:41 - [MESSAGE][PASSED] - Object: 'Object Repository/Page_Mattermost_login/span_Sign in' is clicked on

2020-06-05 20:59:41 - [MESSAGE][PASSED] - Call Test Case 'Test Cases/Login/login_function' successfully

2020-06-05 20:59:41 - [TEST_STEP][PASSED] - errorMess = getText(findTestObject("Object Repository/Page_Mattermost_login/label_status_login")): Text of object 'Object Repository/Page_Mattermost_login/label_status_login' is: 'Please enter your email or username'

2020-06-05 20:59:42 - [MESSAGE][PASSED] - Text of object 'Object Repository/Page_Mattermost_login/label_status_login' is: 'Please enter your email or username'

2020-06-05 20:59:42 - [TEST_STEP][PASSED] - verifyEqual(errorMess.contains("Please enter your email or username"), true): Actual object 'true' and expected object 'true' are equal

2020-06-05 20:59:42 - [MESSAGE][PASSED] - Actual object 'true' and expected object 'true' are equal

2020-06-05 20:59:42 - [TEST_STEP][PASSED] - Start tear down : Teardown: Method 'Teardown' complete successfully

2020-06-05 20:59:42 - [TEST_STEP][PASSED] - closeBrowser(): Browser is closed

2020-06-05 20:59:43 - [MESSAGE][PASSED] - Browser is closed

2020-06-05 20:59:43 - [MESSAGE][PASSED] - Method 'Teardown' complete successfully]]></system-out>
         <system-err><![CDATA[]]></system-err>
      </testcase>
      <testcase name="Test Cases/Login/TC_login_01" time="8.812" classname="Test Cases/Login/TC_login_01" status="PASSED">
         <system-out><![CDATA[2020-06-05 20:59:43 - [TEST_CASE][PASSED] - Test Cases/Login/TC_login_01: Test Cases/Login/TC_login_01

2020-06-05 20:59:43 - [TEST_STEP][PASSED] - Start setup action : Setup: Method 'Setup' complete successfully

2020-06-05 20:59:43 - [TEST_STEP][PASSED] - openBrowser("http://192.168.1.10:8065/login"): Browser is opened with url: 'http://192.168.1.10:8065/login'

2020-06-05 20:59:43 - [MESSAGE][INFO] - Starting 'Firefox' driver

2020-06-05 20:59:43 - [MESSAGE][INFO] - Action delay is set to 0 milliseconds

2020-06-05 20:59:47 - [MESSAGE][PASSED] - Browser is opened with url: 'http://192.168.1.10:8065/login'

2020-06-05 20:59:47 - [MESSAGE][PASSED] - Method 'Setup' complete successfully

2020-06-05 20:59:47 - [TEST_STEP][PASSED] - callTestCase(findTestCase("Test Cases/Login/login_function"), ["var_user":var_email, "var_password":var_password], STOP_ON_FAILURE): Call Test Case 'Test Cases/Login/login_function' successfully

2020-06-05 20:59:47 - [TEST_CASE][PASSED] - Test Cases/Login/login_function: Test Cases/Login/login_function

2020-06-05 20:59:47 - [TEST_STEP][PASSED] - setText(findTestObject("Object Repository/Page_Mattermost_login/input_loginId"), var_user): Text '' is set on object 'Object Repository/Page_Mattermost_login/input_loginId'

2020-06-05 20:59:49 - [MESSAGE][PASSED] - Text '' is set on object 'Object Repository/Page_Mattermost_login/input_loginId'

2020-06-05 20:59:49 - [TEST_STEP][PASSED] - setText(findTestObject("Object Repository/Page_Mattermost_login/input_password"), var_password): Text 'matkhaudung' is set on object 'Object Repository/Page_Mattermost_login/input_password'

2020-06-05 20:59:49 - [MESSAGE][PASSED] - Text 'matkhaudung' is set on object 'Object Repository/Page_Mattermost_login/input_password'

2020-06-05 20:59:49 - [TEST_STEP][PASSED] - click(findTestObject("Object Repository/Page_Mattermost_login/span_Sign in")): Object: 'Object Repository/Page_Mattermost_login/span_Sign in' is clicked on

2020-06-05 20:59:50 - [MESSAGE][PASSED] - Object: 'Object Repository/Page_Mattermost_login/span_Sign in' is clicked on

2020-06-05 20:59:50 - [MESSAGE][PASSED] - Call Test Case 'Test Cases/Login/login_function' successfully

2020-06-05 20:59:50 - [TEST_STEP][PASSED] - errorMess = getText(findTestObject("Object Repository/Page_Mattermost_login/label_status_login")): Text of object 'Object Repository/Page_Mattermost_login/label_status_login' is: 'Please enter your email or username'

2020-06-05 20:59:50 - [MESSAGE][PASSED] - Text of object 'Object Repository/Page_Mattermost_login/label_status_login' is: 'Please enter your email or username'

2020-06-05 20:59:50 - [TEST_STEP][PASSED] - verifyEqual(errorMess.contains("Please enter your email or username"), true): Actual object 'true' and expected object 'true' are equal

2020-06-05 20:59:50 - [MESSAGE][PASSED] - Actual object 'true' and expected object 'true' are equal

2020-06-05 20:59:50 - [TEST_STEP][PASSED] - Start tear down : Teardown: Method 'Teardown' complete successfully

2020-06-05 20:59:50 - [TEST_STEP][PASSED] - closeBrowser(): Browser is closed

2020-06-05 20:59:51 - [MESSAGE][PASSED] - Browser is closed

2020-06-05 20:59:51 - [MESSAGE][PASSED] - Method 'Teardown' complete successfully]]></system-out>
         <system-err><![CDATA[]]></system-err>
      </testcase>
      <testcase name="Test Cases/Login/TC_login_01" time="9.05" classname="Test Cases/Login/TC_login_01" status="PASSED">
         <system-out><![CDATA[2020-06-05 20:59:51 - [TEST_CASE][PASSED] - Test Cases/Login/TC_login_01: Test Cases/Login/TC_login_01

2020-06-05 20:59:51 - [TEST_STEP][PASSED] - Start setup action : Setup: Method 'Setup' complete successfully

2020-06-05 20:59:51 - [TEST_STEP][PASSED] - openBrowser("http://192.168.1.10:8065/login"): Browser is opened with url: 'http://192.168.1.10:8065/login'

2020-06-05 20:59:51 - [MESSAGE][INFO] - Starting 'Firefox' driver

2020-06-05 20:59:51 - [MESSAGE][INFO] - Action delay is set to 0 milliseconds

2020-06-05 20:59:57 - [MESSAGE][PASSED] - Browser is opened with url: 'http://192.168.1.10:8065/login'

2020-06-05 20:59:57 - [MESSAGE][PASSED] - Method 'Setup' complete successfully

2020-06-05 20:59:57 - [TEST_STEP][PASSED] - callTestCase(findTestCase("Test Cases/Login/login_function"), ["var_user":var_email, "var_password":var_password], STOP_ON_FAILURE): Call Test Case 'Test Cases/Login/login_function' successfully

2020-06-05 20:59:57 - [TEST_CASE][PASSED] - Test Cases/Login/login_function: Test Cases/Login/login_function

2020-06-05 20:59:57 - [TEST_STEP][PASSED] - setText(findTestObject("Object Repository/Page_Mattermost_login/input_loginId"), var_user): Text '' is set on object 'Object Repository/Page_Mattermost_login/input_loginId'

2020-06-05 20:59:58 - [MESSAGE][PASSED] - Text '' is set on object 'Object Repository/Page_Mattermost_login/input_loginId'

2020-06-05 20:59:58 - [TEST_STEP][PASSED] - setText(findTestObject("Object Repository/Page_Mattermost_login/input_password"), var_password): Text 'testcase' is set on object 'Object Repository/Page_Mattermost_login/input_password'

2020-06-05 20:59:58 - [MESSAGE][PASSED] - Text 'testcase' is set on object 'Object Repository/Page_Mattermost_login/input_password'

2020-06-05 20:59:58 - [TEST_STEP][PASSED] - click(findTestObject("Object Repository/Page_Mattermost_login/span_Sign in")): Object: 'Object Repository/Page_Mattermost_login/span_Sign in' is clicked on

2020-06-05 20:59:59 - [MESSAGE][PASSED] - Object: 'Object Repository/Page_Mattermost_login/span_Sign in' is clicked on

2020-06-05 20:59:59 - [MESSAGE][PASSED] - Call Test Case 'Test Cases/Login/login_function' successfully

2020-06-05 20:59:59 - [TEST_STEP][PASSED] - errorMess = getText(findTestObject("Object Repository/Page_Mattermost_login/label_status_login")): Text of object 'Object Repository/Page_Mattermost_login/label_status_login' is: 'Please enter your email or username'

2020-06-05 20:59:59 - [MESSAGE][PASSED] - Text of object 'Object Repository/Page_Mattermost_login/label_status_login' is: 'Please enter your email or username'

2020-06-05 20:59:59 - [TEST_STEP][PASSED] - verifyEqual(errorMess.contains("Please enter your email or username"), true): Actual object 'true' and expected object 'true' are equal

2020-06-05 20:59:59 - [MESSAGE][PASSED] - Actual object 'true' and expected object 'true' are equal

2020-06-05 20:59:59 - [TEST_STEP][PASSED] - Start tear down : Teardown: Method 'Teardown' complete successfully

2020-06-05 20:59:59 - [TEST_STEP][PASSED] - closeBrowser(): Browser is closed

2020-06-05 21:00:00 - [MESSAGE][PASSED] - Browser is closed

2020-06-05 21:00:00 - [MESSAGE][PASSED] - Method 'Teardown' complete successfully]]></system-out>
         <system-err><![CDATA[]]></system-err>
      </testcase>
      <testcase name="Test Cases/Login/TC_login_01" time="8.699" classname="Test Cases/Login/TC_login_01" status="PASSED">
         <system-out><![CDATA[2020-06-05 21:00:00 - [TEST_CASE][PASSED] - Test Cases/Login/TC_login_01: Test Cases/Login/TC_login_01

2020-06-05 21:00:00 - [TEST_STEP][PASSED] - Start setup action : Setup: Method 'Setup' complete successfully

2020-06-05 21:00:00 - [TEST_STEP][PASSED] - openBrowser("http://192.168.1.10:8065/login"): Browser is opened with url: 'http://192.168.1.10:8065/login'

2020-06-05 21:00:00 - [MESSAGE][INFO] - Starting 'Firefox' driver

2020-06-05 21:00:00 - [MESSAGE][INFO] - Action delay is set to 0 milliseconds

2020-06-05 21:00:05 - [MESSAGE][PASSED] - Browser is opened with url: 'http://192.168.1.10:8065/login'

2020-06-05 21:00:05 - [MESSAGE][PASSED] - Method 'Setup' complete successfully

2020-06-05 21:00:05 - [TEST_STEP][PASSED] - callTestCase(findTestCase("Test Cases/Login/login_function"), ["var_user":var_email, "var_password":var_password], STOP_ON_FAILURE): Call Test Case 'Test Cases/Login/login_function' successfully

2020-06-05 21:00:05 - [TEST_CASE][PASSED] - Test Cases/Login/login_function: Test Cases/Login/login_function

2020-06-05 21:00:05 - [TEST_STEP][PASSED] - setText(findTestObject("Object Repository/Page_Mattermost_login/input_loginId"), var_user): Text '' is set on object 'Object Repository/Page_Mattermost_login/input_loginId'

2020-06-05 21:00:07 - [MESSAGE][PASSED] - Text '' is set on object 'Object Repository/Page_Mattermost_login/input_loginId'

2020-06-05 21:00:07 - [TEST_STEP][PASSED] - setText(findTestObject("Object Repository/Page_Mattermost_login/input_password"), var_password): Text 'nhincaigi' is set on object 'Object Repository/Page_Mattermost_login/input_password'

2020-06-05 21:00:07 - [MESSAGE][PASSED] - Text 'nhincaigi' is set on object 'Object Repository/Page_Mattermost_login/input_password'

2020-06-05 21:00:07 - [TEST_STEP][PASSED] - click(findTestObject("Object Repository/Page_Mattermost_login/span_Sign in")): Object: 'Object Repository/Page_Mattermost_login/span_Sign in' is clicked on

2020-06-05 21:00:08 - [MESSAGE][PASSED] - Object: 'Object Repository/Page_Mattermost_login/span_Sign in' is clicked on

2020-06-05 21:00:08 - [MESSAGE][PASSED] - Call Test Case 'Test Cases/Login/login_function' successfully

2020-06-05 21:00:08 - [TEST_STEP][PASSED] - errorMess = getText(findTestObject("Object Repository/Page_Mattermost_login/label_status_login")): Text of object 'Object Repository/Page_Mattermost_login/label_status_login' is: 'Please enter your email or username'

2020-06-05 21:00:08 - [MESSAGE][PASSED] - Text of object 'Object Repository/Page_Mattermost_login/label_status_login' is: 'Please enter your email or username'

2020-06-05 21:00:08 - [TEST_STEP][PASSED] - verifyEqual(errorMess.contains("Please enter your email or username"), true): Actual object 'true' and expected object 'true' are equal

2020-06-05 21:00:08 - [MESSAGE][PASSED] - Actual object 'true' and expected object 'true' are equal

2020-06-05 21:00:08 - [TEST_STEP][PASSED] - Start tear down : Teardown: Method 'Teardown' complete successfully

2020-06-05 21:00:08 - [TEST_STEP][PASSED] - closeBrowser(): Browser is closed

2020-06-05 21:00:09 - [MESSAGE][PASSED] - Browser is closed

2020-06-05 21:00:09 - [MESSAGE][PASSED] - Method 'Teardown' complete successfully]]></system-out>
         <system-err><![CDATA[]]></system-err>
      </testcase>
      <testcase name="Test Cases/Login/TC_login_01" time="8.544" classname="Test Cases/Login/TC_login_01" status="PASSED">
         <system-out><![CDATA[2020-06-05 21:00:09 - [TEST_CASE][PASSED] - Test Cases/Login/TC_login_01: Test Cases/Login/TC_login_01

2020-06-05 21:00:09 - [TEST_STEP][PASSED] - Start setup action : Setup: Method 'Setup' complete successfully

2020-06-05 21:00:09 - [TEST_STEP][PASSED] - openBrowser("http://192.168.1.10:8065/login"): Browser is opened with url: 'http://192.168.1.10:8065/login'

2020-06-05 21:00:09 - [MESSAGE][INFO] - Starting 'Firefox' driver

2020-06-05 21:00:09 - [MESSAGE][INFO] - Action delay is set to 0 milliseconds

2020-06-05 21:00:14 - [MESSAGE][PASSED] - Browser is opened with url: 'http://192.168.1.10:8065/login'

2020-06-05 21:00:14 - [MESSAGE][PASSED] - Method 'Setup' complete successfully

2020-06-05 21:00:14 - [TEST_STEP][PASSED] - callTestCase(findTestCase("Test Cases/Login/login_function"), ["var_user":var_email, "var_password":var_password], STOP_ON_FAILURE): Call Test Case 'Test Cases/Login/login_function' successfully

2020-06-05 21:00:14 - [TEST_CASE][PASSED] - Test Cases/Login/login_function: Test Cases/Login/login_function

2020-06-05 21:00:14 - [TEST_STEP][PASSED] - setText(findTestObject("Object Repository/Page_Mattermost_login/input_loginId"), var_user): Text '' is set on object 'Object Repository/Page_Mattermost_login/input_loginId'

2020-06-05 21:00:15 - [MESSAGE][PASSED] - Text '' is set on object 'Object Repository/Page_Mattermost_login/input_loginId'

2020-06-05 21:00:15 - [TEST_STEP][PASSED] - setText(findTestObject("Object Repository/Page_Mattermost_login/input_password"), var_password): Text 'asbcd11782' is set on object 'Object Repository/Page_Mattermost_login/input_password'

2020-06-05 21:00:16 - [MESSAGE][PASSED] - Text 'asbcd11782' is set on object 'Object Repository/Page_Mattermost_login/input_password'

2020-06-05 21:00:16 - [TEST_STEP][PASSED] - click(findTestObject("Object Repository/Page_Mattermost_login/span_Sign in")): Object: 'Object Repository/Page_Mattermost_login/span_Sign in' is clicked on

2020-06-05 21:00:16 - [MESSAGE][PASSED] - Object: 'Object Repository/Page_Mattermost_login/span_Sign in' is clicked on

2020-06-05 21:00:16 - [MESSAGE][PASSED] - Call Test Case 'Test Cases/Login/login_function' successfully

2020-06-05 21:00:16 - [TEST_STEP][PASSED] - errorMess = getText(findTestObject("Object Repository/Page_Mattermost_login/label_status_login")): Text of object 'Object Repository/Page_Mattermost_login/label_status_login' is: 'Please enter your email or username'

[...]

2020-06-05 21:10:01 - [MESSAGE][INFO] - HAR: D:\katalon\hw2-katalon-testing\Reports\20200605_205708\Run_All_Test_Cases\20200605_205708\requests\main\3.har

2020-06-05 21:10:01 - [MESSAGE][PASSED] - Send request successfully

2020-06-05 21:10:01 - [TEST_STEP][PASSED] - verifyResponseStatusCode(response, 200): Verify response status code successfully

2020-06-05 21:10:01 - [MESSAGE][PASSED] - Verify response status code successfully]]></system-out>
         <system-err><![CDATA[]]></system-err>
      </testcase>
      <testcase name="Test Cases/TC_API/ViewMembers" time="14.97" classname="Test Cases/TC_API/ViewMembers" status="PASSED">
         <system-out><![CDATA[2020-06-05 21:10:01 - [TEST_CASE][PASSED] - Test Cases/TC_API/ViewMembers: Test Cases/TC_API/ViewMembers

2020-06-05 21:10:01 - [TEST_STEP][PASSED] - callTestCase(findTestCase("Test Cases/TC_API/Login_SaveCookie"), null): Call Test Case 'Test Cases/TC_API/Login_SaveCookie' successfully

2020-06-05 21:10:01 - [TEST_CASE][PASSED] - Test Cases/TC_API/Login_SaveCookie: Test Cases/TC_API/Login_SaveCookie

2020-06-05 21:10:01 - [TEST_STEP][PASSED] - openBrowser(BaseUrl): Browser is opened with url: 'http://192.168.1.10:8065'

2020-06-05 21:10:01 - [MESSAGE][INFO] - Starting 'Firefox' driver

2020-06-05 21:10:01 - [MESSAGE][INFO] - Action delay is set to 0 milliseconds

2020-06-05 21:10:06 - [MESSAGE][PASSED] - Browser is opened with url: 'http://192.168.1.10:8065'

2020-06-05 21:10:06 - [TEST_STEP][PASSED] - setText(findTestObject("Object Repository/API/MatterMost_page/input_All team communication in one place searchable and accessible anywhere_loginId"), loginId): Text 'tlvietdanh@gmail.com' is set on object 'Object Repository/API/MatterMost_page/input_All team communication in one place searchable and accessible anywhere_loginId'

2020-06-05 21:10:08 - [MESSAGE][PASSED] - Text 'tlvietdanh@gmail.com' is set on object 'Object Repository/API/MatterMost_page/input_All team communication in one place searchable and accessible anywhere_loginId'

2020-06-05 21:10:08 - [TEST_STEP][PASSED] - setMaskedText(findTestObject("Object Repository/API/MatterMost_page/input_All team communication in one place searchable and accessible anywhere_password"), Password): Text '********' is set on object 'Object Repository/API/MatterMost_page/input_All team communication in one place searchable and accessible anywhere_password'

2020-06-05 21:10:09 - [MESSAGE][PASSED] - Text '********' is set on object 'Object Repository/API/MatterMost_page/input_All team communication in one place searchable and accessible anywhere_password'

2020-06-05 21:10:09 - [TEST_STEP][PASSED] - submit(findTestObject("Object Repository/API/MatterMost_page/span_Sign in")): The form containing object: 'Object Repository/API/MatterMost_page/span_Sign in' is submitted

2020-06-05 21:10:09 - [MESSAGE][PASSED] - The form containing object: 'Object Repository/API/MatterMost_page/span_Sign in' is submitted

2020-06-05 21:10:09 - [TEST_STEP][PASSED] - delay(5): Delayed 5 second(s)

2020-06-05 21:10:14 - [MESSAGE][PASSED] - Delayed 5 second(s)

2020-06-05 21:10:14 - [TEST_STEP][PASSED] - titleWindow = getWindowTitle(): Current window's title is: 'Town Square - test3 Mattermost'

2020-06-05 21:10:14 - [MESSAGE][PASSED] - Current window's title is: 'Town Square - test3 Mattermost'

2020-06-05 21:10:14 - [TEST_STEP][PASSED] - driver = getWebDriver(): null

2020-06-05 21:10:14 - [TEST_STEP][PASSED] - cookieString = "": null

2020-06-05 21:10:14 - [TEST_STEP][PASSED] - cookieCollection = manage().getCookies(): null

2020-06-05 21:10:14 - [TEST_STEP][PASSED] - for (org.openqa.selenium.Cookie currentCookie : cookieCollection): null

2020-06-05 21:10:14 - [TEST_STEP][PASSED] - cookieString += currentCookie.getName() + "=" + currentCookie.getValue() + "; ": null

2020-06-05 21:10:14 - [TEST_STEP][PASSED] - print(cookieString): null

2020-06-05 21:10:14 - [TEST_STEP][PASSED] - cookieString += currentCookie.getName() + "=" + currentCookie.getValue() + "; ": null

2020-06-05 21:10:14 - [TEST_STEP][PASSED] - print(cookieString): null

2020-06-05 21:10:14 - [TEST_STEP][PASSED] - cookieString += currentCookie.getName() + "=" + currentCookie.getValue() + "; ": null

2020-06-05 21:10:14 - [TEST_STEP][PASSED] - print(cookieString): null

2020-06-05 21:10:14 - [TEST_STEP][PASSED] - CloudCookies = cookieString: null

2020-06-05 21:10:14 - [TEST_STEP][PASSED] - closeBrowser(): Browser is closed

2020-06-05 21:10:16 - [MESSAGE][PASSED] - Browser is closed

2020-06-05 21:10:16 - [MESSAGE][PASSED] - Call Test Case 'Test Cases/TC_API/Login_SaveCookie' successfully

2020-06-05 21:10:16 - [TEST_STEP][PASSED] - respone = sendRequest(findTestObject("API/ViewMembers", ["url":BaseUrl, "Cookie":CloudCookies, "channelID":ChannelID])): Send request successfully

2020-06-05 21:10:16 - [MESSAGE][INFO] - HAR: D:\katalon\hw2-katalon-testing\Reports\20200605_205708\Run_All_Test_Cases\20200605_205708\requests\main\4.har

2020-06-05 21:10:16 - [MESSAGE][PASSED] - Send request successfully

2020-06-05 21:10:16 - [TEST_STEP][PASSED] - verifyResponseStatusCode(respone, 403): Verify response status code successfully

2020-06-05 21:10:16 - [MESSAGE][PASSED] - Verify response status code successfully]]></system-out>
         <system-err><![CDATA[]]></system-err>
      </testcase>
      <testcase name="Test Cases/TC_API/SystemLog" time="15.014" classname="Test Cases/TC_API/SystemLog" status="PASSED">
         <system-out><![CDATA[2020-06-05 21:10:16 - [TEST_CASE][PASSED] - Test Cases/TC_API/SystemLog: Test Cases/TC_API/SystemLog

2020-06-05 21:10:16 - [TEST_STEP][PASSED] - callTestCase(findTestCase("Test Cases/TC_API/Login_SaveCookie"), null): Call Test Case 'Test Cases/TC_API/Login_SaveCookie' successfully

2020-06-05 21:10:16 - [TEST_CASE][PASSED] - Test Cases/TC_API/Login_SaveCookie: Test Cases/TC_API/Login_SaveCookie

2020-06-05 21:10:16 - [TEST_STEP][PASSED] - openBrowser(BaseUrl): Browser is opened with url: 'http://192.168.1.10:8065'

2020-06-05 21:10:16 - [MESSAGE][INFO] - Starting 'Firefox' driver

2020-06-05 21:10:16 - [MESSAGE][INFO] - Action delay is set to 0 milliseconds

2020-06-05 21:10:21 - [MESSAGE][PASSED] - Browser is opened with url: 'http://192.168.1.10:8065'

2020-06-05 21:10:21 - [TEST_STEP][PASSED] - setText(findTestObject("Object Repository/API/MatterMost_page/input_All team communication in one place searchable and accessible anywhere_loginId"), loginId): Text 'tlvietdanh@gmail.com' is set on object 'Object Repository/API/MatterMost_page/input_All team communication in one place searchable and accessible anywhere_loginId'

2020-06-05 21:10:23 - [MESSAGE][PASSED] - Text 'tlvietdanh@gmail.com' is set on object 'Object Repository/API/MatterMost_page/input_All team communication in one place searchable and accessible anywhere_loginId'

2020-06-05 21:10:23 - [TEST_STEP][PASSED] - setMaskedText(findTestObject("Object Repository/API/MatterMost_page/input_All team communication in one place searchable and accessible anywhere_password"), Password): Text '********' is set on object 'Object Repository/API/MatterMost_page/input_All team communication in one place searchable and accessible anywhere_password'

2020-06-05 21:10:24 - [MESSAGE][PASSED] - Text '********' is set on object 'Object Repository/API/MatterMost_page/input_All team communication in one place searchable and accessible anywhere_password'

2020-06-05 21:10:24 - [TEST_STEP][PASSED] - submit(findTestObject("Object Repository/API/MatterMost_page/span_Sign in")): The form containing object: 'Object Repository/API/MatterMost_page/span_Sign in' is submitted

2020-06-05 21:10:24 - [MESSAGE][PASSED] - The form containing object: 'Object Repository/API/MatterMost_page/span_Sign in' is submitted

2020-06-05 21:10:24 - [TEST_STEP][PASSED] - delay(5): Delayed 5 second(s)

2020-06-05 21:10:29 - [MESSAGE][PASSED] - Delayed 5 second(s)

2020-06-05 21:10:29 - [TEST_STEP][PASSED] - titleWindow = getWindowTitle(): Current window's title is: 'Town Square - test3 Mattermost'

2020-06-05 21:10:29 - [MESSAGE][PASSED] - Current window's title is: 'Town Square - test3 Mattermost'

2020-06-05 21:10:29 - [TEST_STEP][PASSED] - driver = getWebDriver(): null

2020-06-05 21:10:29 - [TEST_STEP][PASSED] - cookieString = "": null

2020-06-05 21:10:29 - [TEST_STEP][PASSED] - cookieCollection = manage().getCookies(): null

2020-06-05 21:10:29 - [TEST_STEP][PASSED] - for (org.openqa.selenium.Cookie currentCookie : cookieCollection): null

2020-06-05 21:10:29 - [TEST_STEP][PASSED] - cookieString += currentCookie.getName() + "=" + currentCookie.getValue() + "; ": null

2020-06-05 21:10:29 - [TEST_STEP][PASSED] - print(cookieString): null

2020-06-05 21:10:29 - [TEST_STEP][PASSED] - cookieString += currentCookie.getName() + "=" + currentCookie.getValue() + "; ": null

2020-06-05 21:10:29 - [TEST_STEP][PASSED] - print(cookieString): null

2020-06-05 21:10:29 - [TEST_STEP][PASSED] - cookieString += currentCookie.getName() + "=" + currentCookie.getValue() + "; ": null

2020-06-05 21:10:29 - [TEST_STEP][PASSED] - print(cookieString): null

2020-06-05 21:10:29 - [TEST_STEP][PASSED] - CloudCookies = cookieString: null

2020-06-05 21:10:29 - [TEST_STEP][PASSED] - closeBrowser(): Browser is closed

2020-06-05 21:10:31 - [MESSAGE][PASSED] - Browser is closed

2020-06-05 21:10:31 - [MESSAGE][PASSED] - Call Test Case 'Test Cases/TC_API/Login_SaveCookie' successfully

2020-06-05 21:10:31 - [TEST_STEP][PASSED] - response = sendRequest(findTestObject("API/SystemLog", ["Cookie":CloudCookies, "url":BaseUrl])): Send request successfully

2020-06-05 21:10:31 - [MESSAGE][INFO] - HAR: D:\katalon\hw2-katalon-testing\Reports\20200605_205708\Run_All_Test_Cases\20200605_205708\requests\main\5.har

2020-06-05 21:10:31 - [MESSAGE][PASSED] - Send request successfully

2020-06-05 21:10:31 - [TEST_STEP][PASSED] - verifyResponseStatusCode(response, 200): Verify response status code successfully

2020-06-05 21:10:31 - [MESSAGE][PASSED] - Verify response status code successfully]]></system-out>
         <system-err><![CDATA[]]></system-err>
      </testcase>
      <testcase name="Test Cases/TC_API/Statistics" time="14.982" classname="Test Cases/TC_API/Statistics" status="PASSED">
         <system-out><![CDATA[2020-06-05 21:10:31 - [TEST_CASE][PASSED] - Test Cases/TC_API/Statistics: Test Cases/TC_API/Statistics

2020-06-05 21:10:31 - [TEST_STEP][PASSED] - callTestCase(findTestCase("Test Cases/TC_API/Login_SaveCookie"), null): Call Test Case 'Test Cases/TC_API/Login_SaveCookie' successfully

2020-06-05 21:10:31 - [TEST_CASE][PASSED] - Test Cases/TC_API/Login_SaveCookie: Test Cases/TC_API/Login_SaveCookie

2020-06-05 21:10:31 - [TEST_STEP][PASSED] - openBrowser(BaseUrl): Browser is opened with url: 'http://192.168.1.10:8065'

2020-06-05 21:10:31 - [MESSAGE][INFO] - Starting 'Firefox' driver

2020-06-05 21:10:31 - [MESSAGE][INFO] - Action delay is set to 0 milliseconds

2020-06-05 21:10:36 - [MESSAGE][PASSED] - Browser is opened with url: 'http://192.168.1.10:8065'

2020-06-05 21:10:36 - [TEST_STEP][PASSED] - setText(findTestObject("Object Repository/API/MatterMost_page/input_All team communication in one place searchable and accessible anywhere_loginId"), loginId): Text 'tlvietdanh@gmail.com' is set on object 'Object Repository/API/MatterMost_page/input_All team communication in one place searchable and accessible anywhere_loginId'

2020-06-05 21:10:38 - [MESSAGE][PASSED] - Text 'tlvietdanh@gmail.com' is set on object 'Object Repository/API/MatterMost_page/input_All team communication in one place searchable and accessible anywhere_loginId'

2020-06-05 21:10:38 - [TEST_STEP][PASSED] - setMaskedText(findTestObject("Object Repository/API/MatterMost_page/input_All team communication in one place searchable and accessible anywhere_password"), Password): Text '********' is set on object 'Object Repository/API/MatterMost_page/input_All team communication in one place searchable and accessible anywhere_password'

2020-06-05 21:10:39 - [MESSAGE][PASSED] - Text '********' is set on object 'Object Repository/API/MatterMost_page/input_All team communication in one place searchable and accessible anywhere_password'

2020-06-05 21:10:39 - [TEST_STEP][PASSED] - submit(findTestObject("Object Repository/API/MatterMost_page/span_Sign in")): The form containing object: 'Object Repository/API/MatterMost_page/span_Sign in' is submitted

2020-06-05 21:10:39 - [MESSAGE][PASSED] - The form containing object: 'Object Repository/API/MatterMost_page/span_Sign in' is submitted

2020-06-05 21:10:39 - [TEST_STEP][PASSED] - delay(5): Delayed 5 second(s)

2020-06-05 21:10:44 - [MESSAGE][PASSED] - Delayed 5 second(s)

2020-06-05 21:10:44 - [TEST_STEP][PASSED] - titleWindow = getWindowTitle(): Current window's title is: 'Town Square - test3 Mattermost'

2020-06-05 21:10:44 - [MESSAGE][PASSED] - Current window's title is: 'Town Square - test3 Mattermost'

2020-06-05 21:10:44 - [TEST_STEP][PASSED] - driver = getWebDriver(): null

2020-06-05 21:10:44 - [TEST_STEP][PASSED] - cookieString = "": null

2020-06-05 21:10:44 - [TEST_STEP][PASSED] - cookieCollection = manage().getCookies(): null

2020-06-05 21:10:44 - [TEST_STEP][PASSED] - for (org.openqa.selenium.Cookie currentCookie : cookieCollection): null

2020-06-05 21:10:44 - [TEST_STEP][PASSED] - cookieString += currentCookie.getName() + "=" + currentCookie.getValue() + "; ": null

2020-06-05 21:10:44 - [TEST_STEP][PASSED] - print(cookieString): null

2020-06-05 21:10:44 - [TEST_STEP][PASSED] - cookieString += currentCookie.getName() + "=" + currentCookie.getValue() + "; ": null

2020-06-05 21:10:44 - [TEST_STEP][PASSED] - print(cookieString): null

2020-06-05 21:10:44 - [TEST_STEP][PASSED] - cookieString += currentCookie.getName() + "=" + currentCookie.getValue() + "; ": null

2020-06-05 21:10:44 - [TEST_STEP][PASSED] - print(cookieString): null

2020-06-05 21:10:44 - [TEST_STEP][PASSED] - CloudCookies = cookieString: null

2020-06-05 21:10:44 - [TEST_STEP][PASSED] - closeBrowser(): Browser is closed

2020-06-05 21:10:46 - [MESSAGE][PASSED] - Browser is closed

2020-06-05 21:10:46 - [MESSAGE][PASSED] - Call Test Case 'Test Cases/TC_API/Login_SaveCookie' successfully

2020-06-05 21:10:46 - [TEST_STEP][PASSED] - response = sendRequest(findTestObject("API/Statistics", ["url":BaseUrl, "Cookie":CloudCookies])): Send request successfully

2020-06-05 21:10:46 - [MESSAGE][INFO] - HAR: D:\katalon\hw2-katalon-testing\Reports\20200605_205708\Run_All_Test_Cases\20200605_205708\requests\main\6.har

2020-06-05 21:10:46 - [MESSAGE][PASSED] - Send request successfully

2020-06-05 21:10:46 - [TEST_STEP][PASSED] - verifyResponseStatusCode(response, 200): Verify response status code successfully

2020-06-05 21:10:46 - [MESSAGE][PASSED] - Verify response status code successfully]]></system-out>
         <system-err><![CDATA[]]></system-err>
      </testcase>
      <testcase name="Test Cases/TC_API/GetMyMembers" time="14.074" classname="Test Cases/TC_API/GetMyMembers" status="PASSED">
         <system-out><![CDATA[2020-06-05 21:10:46 - [TEST_CASE][PASSED] - Test Cases/TC_API/GetMyMembers: Test Cases/TC_API/GetMyMembers

2020-06-05 21:10:46 - [TEST_STEP][PASSED] - callTestCase(findTestCase("Test Cases/TC_API/Login_SaveCookie"), null): Call Test Case 'Test Cases/TC_API/Login_SaveCookie' successfully

2020-06-05 21:10:46 - [TEST_CASE][PASSED] - Test Cases/TC_API/Login_SaveCookie: Test Cases/TC_API/Login_SaveCookie

2020-06-05 21:10:46 - [TEST_STEP][PASSED] - openBrowser(BaseUrl): Browser is opened with url: 'http://192.168.1.10:8065'

2020-06-05 21:10:46 - [MESSAGE][INFO] - Starting 'Firefox' driver

2020-06-05 21:10:46 - [MESSAGE][INFO] - Action delay is set to 0 milliseconds

2020-06-05 21:10:51 - [MESSAGE][PASSED] - Browser is opened with url: 'http://192.168.1.10:8065'

2020-06-05 21:10:51 - [TEST_STEP][PASSED] - setText(findTestObject("Object Repository/API/MatterMost_page/input_All team communication in one place searchable and accessible anywhere_loginId"), loginId): Text 'tlvietdanh@gmail.com' is set on object 'Object Repository/API/MatterMost_page/input_All team communication in one place searchable and accessible anywhere_loginId'

2020-06-05 21:10:52 - [MESSAGE][PASSED] - Text 'tlvietdanh@gmail.com' is set on object 'Object Repository/API/MatterMost_page/input_All team communication in one place searchable and accessible anywhere_loginId'

2020-06-05 21:10:52 - [TEST_STEP][PASSED] - setMaskedText(findTestObject("Object Repository/API/MatterMost_page/input_All team communication in one place searchable and accessible anywhere_password"), Password): Text '********' is set on object 'Object Repository/API/MatterMost_page/input_All team communication in one place searchable and accessible anywhere_password'

2020-06-05 21:10:53 - [MESSAGE][PASSED] - Text '********' is set on object 'Object Repository/API/MatterMost_page/input_All team communication in one place searchable and accessible anywhere_password'

2020-06-05 21:10:53 - [TEST_STEP][PASSED] - submit(findTestObject("Object Repository/API/MatterMost_page/span_Sign in")): The form containing object: 'Object Repository/API/MatterMost_page/span_Sign in' is submitted

2020-06-05 21:10:54 - [MESSAGE][PASSED] - The form containing object: 'Object Repository/API/MatterMost_page/span_Sign in' is submitted

2020-06-05 21:10:54 - [TEST_STEP][PASSED] - delay(5): Delayed 5 second(s)

2020-06-05 21:10:59 - [MESSAGE][PASSED] - Delayed 5 second(s)

2020-06-05 21:10:59 - [TEST_STEP][PASSED] - titleWindow = getWindowTitle(): Current window's title is: 'Town Square - test3 Mattermost'

2020-06-05 21:10:59 - [MESSAGE][PASSED] - Current window's title is: 'Town Square - test3 Mattermost'

2020-06-05 21:10:59 - [TEST_STEP][PASSED] - driver = getWebDriver(): null

2020-06-05 21:10:59 - [TEST_STEP][PASSED] - cookieString = "": null

2020-06-05 21:10:59 - [TEST_STEP][PASSED] - cookieCollection = manage().getCookies(): null

2020-06-05 21:10:59 - [TEST_STEP][PASSED] - for (org.openqa.selenium.Cookie currentCookie : cookieCollection): null

2020-06-05 21:10:59 - [TEST_STEP][PASSED] - cookieString += currentCookie.getName() + "=" + currentCookie.getValue() + "; ": null

2020-06-05 21:10:59 - [TEST_STEP][PASSED] - print(cookieString): null

2020-06-05 21:10:59 - [TEST_STEP][PASSED] - cookieString += currentCookie.getName() + "=" + currentCookie.getValue() + "; ": null

2020-06-05 21:10:59 - [TEST_STEP][PASSED] - print(cookieString): null

2020-06-05 21:10:59 - [TEST_STEP][PASSED] - cookieString += currentCookie.getName() + "=" + currentCookie.getValue() + "; ": null

2020-06-05 21:10:59 - [TEST_STEP][PASSED] - print(cookieString): null

2020-06-05 21:10:59 - [TEST_STEP][PASSED] - CloudCookies = cookieString: null

2020-06-05 21:10:59 - [TEST_STEP][PASSED] - closeBrowser(): Browser is closed

2020-06-05 21:11:00 - [MESSAGE][PASSED] - Browser is closed

2020-06-05 21:11:00 - [MESSAGE][PASSED] - Call Test Case 'Test Cases/TC_API/Login_SaveCookie' successfully

2020-06-05 21:11:00 - [TEST_STEP][PASSED] - response = sendRequest(findTestObject("API/My members", ["url":BaseUrl, "Cookie":CloudCookies])): Send request successfully

2020-06-05 21:11:00 - [MESSAGE][INFO] - HAR: D:\katalon\hw2-katalon-testing\Reports\20200605_205708\Run_All_Test_Cases\20200605_205708\requests\main\7.har

2020-06-05 21:11:00 - [MESSAGE][PASSED] - Send request successfully

2020-06-05 21:11:00 - [TEST_STEP][PASSED] - verifyResponseStatusCode(response, 200): Verify response status code successfully

2020-06-05 21:11:00 - [MESSAGE][PASSED] - Verify response status code successfully]]></system-out>
         <system-err><![CDATA[]]></system-err>
      </testcase>
      <system-out><![CDATA[2020-06-05 20:57:11 - [TEST_SUITE][PASSED] - Run_All_Test_Cases: Test Cases/TC_API/GetMyMembers]]></system-out>
      <system-err><![CDATA[]]></system-err>
   </testsuite>
</testsuites>
